\BOOKMARK [-1][-]{part.1}{\376\377\000I\000\040\000A\000l\000g\000e\000b\000r\000a}{}% 1
\BOOKMARK [0][-]{chapter.1}{\376\377\000L\000o\000g\000a\000r\000i\000t\000h\000m}{part.1}% 2
\BOOKMARK [1][-]{section.1.1}{\376\377\000B\000a\000s\000i\000c\000\040\000F\000o\000r\000m\000u\000l\000a\000e}{chapter.1}% 3
\BOOKMARK [1][-]{section.1.2}{\376\377\000S\000e\000r\000i\000e\000s}{chapter.1}% 4
\BOOKMARK [0][-]{chapter.2}{\376\377\000C\000o\000m\000p\000l\000e\000x\000\040\000N\000u\000m\000b\000e\000r\000s}{part.1}% 5
\BOOKMARK [1][-]{section.2.1}{\376\377\000B\000a\000s\000i\000c\000\040\000F\000o\000r\000m\000u\000l\000a\000e}{chapter.2}% 6
\BOOKMARK [1][-]{section.2.2}{\376\377\000A\000r\000i\000t\000h\000m\000e\000t\000i\000c\000\040\000O\000p\000e\000r\000a\000t\000i\000o\000n\000\040\000o\000f\000\040\000C\000o\000m\000p\000l\000e\000x\000\040\000N\000u\000m\000b\000e\000r}{chapter.2}% 7
\BOOKMARK [1][-]{section.2.3}{\376\377\000E\000u\000l\000e\000r\000'\000s\000\040\000F\000o\000r\000m\000u\000l\000a}{chapter.2}% 8
\BOOKMARK [1][-]{section.2.4}{\376\377\000T\000r\000i\000g\000o\000n\000o\000m\000e\000t\000r\000i\000c\000\040\000R\000a\000t\000i\000o\000s\000\040\000i\000n\000\040\000C\000o\000m\000p\000l\000e\000x\000\040\000F\000o\000r\000m}{chapter.2}% 9
\BOOKMARK [1][-]{section.2.5}{\376\377\000D\000e\000\040\000M\000o\000i\000v\000r\000e\000'\000s\000\040\000F\000o\000r\000m\000u\000l\000a}{chapter.2}% 10
\BOOKMARK [1][-]{section.2.6}{\376\377\000A\000p\000p\000l\000i\000c\000a\000t\000i\000o\000n\000\040\000o\000f\000\040\000E\000u\000l\000e\000r\000'\000s\000\040\000a\000n\000d\000\040\000D\000e\000\040\000M\000o\000i\000v\000r\000e\000'\000s\000\040\000F\000o\000r\000m\000u\000l\000a}{chapter.2}% 11
\BOOKMARK [1][-]{section.2.7}{\376\377\000R\000o\000o\000t\000s\000\040\000o\000f\000\040\000U\000n\000i\000t\000y}{chapter.2}% 12
\BOOKMARK [1][-]{section.2.8}{\376\377\000I\000m\000p\000o\000r\000t\000a\000n\000t\000\040\000R\000e\000l\000a\000t\000i\000o\000n\000s\000\040\000o\000f\000\040\000C\000o\000m\000p\000l\000e\000x\000\040\000N\000u\000m\000b\000e\000r\000s}{chapter.2}% 13
\BOOKMARK [2][-]{subsection.3.1.2}{\376\377\000I\000m\000p\000o\000r\000t\000a\000n\000t\000\040\000R\000e\000l\000a\000t\000i\000o\000n}{section.3.1}% 17
\BOOKMARK [1][-]{section.3.2}{\376\377\000G\000e\000o\000m\000e\000t\000r\000i\000c\000\040\000P\000r\000o\000g\000r\000e\000s\000s\000i\000o\000n\000\040\000\050\000G\000.\000P\000.\000\051}{chapter.3}% 18
\BOOKMARK [2][-]{subsection.3.2.1}{\376\377\000T\000h\000e\000\040\000V\000a\000l\000u\000e\000\040\000o\000f\000\040\000'\000r\000'}{section.3.2}% 19
\BOOKMARK [2][-]{subsection.3.2.2}{\376\377\000S\000u\000m\000\040\000o\000f\000\040\000a\000\040\000G\000.\000P\000.\000\040\000S\000e\000r\000i\000e\000s}{section.3.2}% 20
\BOOKMARK [2][-]{subsection.3.5.1}{\376\377\000R\000i\000e\000m\000a\000n\000n\000\040\000Z\000e\000t\000a\000\040\000F\000u\000n\000c\000t\000i\000o\000n}{section.3.5}% 26
\BOOKMARK [2][-]{subsection.3.5.2}{\376\377\000R\000i\000e\000m\000a\000n\000n\000'\000s\000\040\000I\000n\000f\000i\000n\000i\000t\000e\000\040\000S\000e\000r\000i\000e\000s\000\040\000a\000s\000\040\000a\000n\000\040\000I\000n\000t\000e\000g\000r\000a\000t\000i\000o\000n}{section.3.5}% 27
\BOOKMARK [0][-]{chapter.4}{\376\377\000T\000e\000s\000t\000\040\000o\000f\000\040\000C\000o\000n\000v\000e\000r\000g\000e\000n\000c\000e\000\040\000o\000f\000\040\000I\000n\000f\000i\000n\000i\000t\000e\000\040\000S\000e\000r\000i\000e\000s}{part.1}% 28
\BOOKMARK [1][-]{section.4.1}{\376\377\000D\000e\000f\000i\000n\000i\000t\000i\000o\000n}{chapter.4}% 29
\BOOKMARK [1][-]{section.4.2}{\376\377\000T\000e\000s\000t\000s\000\040\000o\000f\000\040\000C\000o\000n\000v\000e\000r\000g\000e\000n\000c\000e}{chapter.4}% 30
\BOOKMARK [2][-]{subsection.4.2.1}{\376\377\000C\000o\000m\000p\000a\000r\000i\000s\000o\000n\000\040\000T\000e\000s\000t}{section.4.2}% 31
\BOOKMARK [2][-]{subsection.4.2.2}{\376\377\000L\000i\000m\000i\000t\000\040\000F\000o\000r\000m}{section.4.2}% 32
\BOOKMARK [2][-]{subsection.4.2.3}{\376\377\000I\000n\000t\000e\000g\000r\000a\000l\000\040\000T\000e\000s\000t\000\040\000o\000r\000\040\000M\000a\000c\000l\000a\000u\000r\000i\000n\000-\000C\000a\000u\000c\000h\000y\000\040\000T\000e\000s\000t}{section.4.2}% 33
\BOOKMARK [2][-]{subsection.4.2.4}{\376\377\000R\000a\000t\000i\000o\000\040\000T\000e\000s\000t}{section.4.2}% 34
\BOOKMARK [2][-]{subsection.4.2.5}{\376\377\000D\000'\000A\000l\000e\000m\000b\000e\000r\000t\000'\000s\000\040\000R\000a\000t\000i\000o\000\040\000T\000e\000s\000t}{section.4.2}% 35
\BOOKMARK [2][-]{subsection.4.2.6}{\376\377\000R\000a\000b\000b\000e\000'\000s\000\040\000T\000e\000s\000t}{section.4.2}% 36
\BOOKMARK [2][-]{subsection.4.2.7}{\376\377\000C\000a\000u\000c\000h\000y\000'\000s\000\040\000R\000o\000o\000t\000\040\000T\000e\000s\000t}{section.4.2}% 37
\BOOKMARK [2][-]{subsection.4.2.8}{\376\377\000L\000o\000g\000a\000r\000i\000t\000h\000m\000i\000c\000\040\000T\000e\000s\000t}{section.4.2}% 38
\BOOKMARK [2][-]{subsection.5.1.1}{\376\377\000M\000i\000n\000o\000r\000\040\000a\000n\000d\000\040\000C\000o\000f\000a\000c\000t\000o\000r}{section.5.1}% 41
\BOOKMARK [1][-]{section.5.2}{\376\377\000P\000r\000o\000p\000e\000r\000t\000i\000e\000s\000\040\000o\000f\000\040\000D\000e\000t\000e\000r\000m\000i\000n\000a\000n\000t\000s}{chapter.5}% 42
\BOOKMARK [1][-]{section.5.3}{\376\377\000C\000r\000a\000m\000e\000r\000'\000s\000\040\000R\000u\000l\000e}{chapter.5}% 43
\BOOKMARK [2][-]{subsection.5.3.1}{\376\377\000C\000o\000n\000s\000i\000s\000t\000e\000n\000c\000y\000\040\000T\000e\000s\000t}{section.5.3}% 44
\BOOKMARK [1][-]{section.6.2}{\376\377\000M\000u\000l\000t\000i\000p\000l\000i\000c\000a\000t\000i\000o\000n\000\040\000o\000f\000\040\000T\000w\000o\000\040\000M\000a\000t\000r\000i\000c\000e\000s}{chapter.6}% 47
\BOOKMARK [2][-]{subsection.6.2.1}{\376\377\000M\000u\000l\000t\000i\000p\000l\000i\000c\000a\000t\000i\000v\000e\000\040\000P\000r\000o\000p\000e\000r\000t\000i\000e\000s}{section.6.2}% 48
\BOOKMARK [1][-]{section.6.3}{\376\377\000A\000d\000j\000o\000i\000n\000t\000\040\000o\000f\000\040\000a\000\040\000M\000a\000t\000r\000i\000x}{chapter.6}% 49
\BOOKMARK [1][-]{section.6.4}{\376\377\000M\000a\000r\000t\000i\000n\000'\000s\000\040\000R\000u\000l\000e}{chapter.6}% 50
\BOOKMARK [1][-]{section.7.4}{\376\377\000P\000a\000s\000c\000a\000l\000'\000s\000\040\000R\000u\000l\000e}{chapter.7}% 55
\BOOKMARK [0][-]{chapter.8}{\376\377\000B\000o\000o\000l\000e\000a\000n\000\040\000A\000l\000g\000e\000b\000r\000a}{part.1}% 56
\BOOKMARK [0][-]{chapter.9}{\376\377\000R\000e\000m\000a\000i\000n\000d\000e\000r\000\040\000T\000h\000e\000o\000r\000e\000m\000s}{part.1}% 57
\BOOKMARK [1][-]{section.9.1}{\376\377\000R\000e\000m\000a\000i\000n\000d\000e\000r\000\040\000T\000h\000e\000o\000r\000e\000m}{chapter.9}% 58
\BOOKMARK [1][-]{section.9.2}{\376\377\000E\000u\000l\000e\000r\000'\000s\000\040\000R\000e\000m\000a\000i\000n\000d\000e\000r\000\040\000T\000h\000e\000o\000r\000e\000m}{chapter.9}% 59
\BOOKMARK [2][-]{subsection.9.2.1}{\376\377\000E\000u\000l\000e\000r\000'\000s\000\040\000T\000o\000t\000i\000e\000n\000t\000\040\000F\000u\000n\000c\000t\000i\000o\000n}{section.9.2}% 60
\BOOKMARK [1][-]{section.9.3}{\376\377\000W\000i\000l\000s\000o\000n\000\040\000T\000h\000e\000o\000r\000e\000m}{chapter.9}% 61
\BOOKMARK [-1][-]{part.2}{\376\377\000I\000I\000\040\000C\000o\000-\000o\000r\000d\000i\000n\000a\000t\000e\000\040\000G\000e\000o\000m\000e\000t\000r\000y}{}% 62
\BOOKMARK [0][-]{chapter.10}{\376\377\0002\000-\000D\000\040\000C\000o\000-\000o\000r\000d\000i\000n\000a\000t\000e\000\040\000G\000e\000o\000m\000e\000t\000r\000y}{part.2}% 63
\BOOKMARK [1][-]{section.10.1}{\376\377\000D\000i\000s\000t\000a\000n\000c\000e\000\040\000b\000e\000t\000w\000e\000e\000n\000\040\000T\000w\000o\000\040\000P\000o\000i\000n\000t\000s}{chapter.10}% 64
\BOOKMARK [1][-]{section.10.2}{\376\377\000S\000e\000c\000t\000i\000o\000n\000\040\000F\000o\000r\000m\000u\000l\000a}{chapter.10}% 65
\BOOKMARK [2][-]{subsection.10.2.1}{\376\377\000C\000o\000r\000o\000l\000l\000a\000r\000y\000:\000\040\000M\000i\000d\000\040\000-\000\040\000P\000o\000i\000n\000t\000\040\000F\000o\000r\000m\000u\000l\000a}{section.10.2}% 66
\BOOKMARK [0][-]{chapter.11}{\376\377\000T\000r\000i\000a\000n\000g\000l\000e\000s}{part.2}% 67
\BOOKMARK [1][-]{section.11.1}{\376\377\000C\000e\000n\000t\000r\000o\000i\000d\000\040\000o\000f\000\040\000a\000\040\000T\000r\000a\000i\000a\000n\000g\000l\000e}{chapter.11}% 68
\BOOKMARK [1][-]{section.11.2}{\376\377\000A\000r\000e\000a\000\040\000o\000f\000\040\000T\000r\000i\000a\000n\000g\000l\000e}{chapter.11}% 69
\BOOKMARK [2][-]{subsection.11.2.1}{\376\377\000D\000e\000t\000e\000r\000m\000i\000n\000a\000n\000t\000\040\000M\000e\000t\000h\000o\000d}{section.11.2}% 70
\BOOKMARK [2][-]{subsection.11.2.2}{\376\377\000H\000e\000r\000o\000n\000'\000s\000\040\000F\000o\000r\000m\000u\000l\000a}{section.11.2}% 71
\BOOKMARK [1][-]{section.11.3}{\376\377\000I\000n\000c\000i\000r\000c\000l\000e\000\040\000o\000f\000\040\000a\000\040\000T\000r\000i\000a\000n\000g\000l\000e}{chapter.11}% 72
\BOOKMARK [1][-]{section.11.4}{\376\377\000C\000i\000r\000c\000u\000m\000c\000i\000r\000c\000l\000e\000\040\000o\000f\000\040\000a\000\040\000T\000r\000i\000a\000n\000g\000l\000e}{chapter.11}% 73
\BOOKMARK [0][-]{chapter.12}{\376\377\000S\000t\000r\000a\000i\000g\000h\000t\000\040\000L\000i\000n\000e}{part.2}% 74
\BOOKMARK [1][-]{section.12.1}{\376\377\000E\000q\000u\000a\000t\000i\000o\000n\000\040\000o\000f\000\040\000S\000t\000r\000a\000i\000g\000h\000t\000\040\000L\000i\000n\000e\000\040\000P\000a\000s\000s\000i\000n\000g\000\040\000T\000h\000r\000o\000u\000g\000h\000\040\000\050\000x\0000\000,\000y\0000\000\051\000\040\000a\000n\000d\000\040\000S\000l\000o\000p\000e\000\040\000m}{chapter.12}% 75
\BOOKMARK [1][-]{section.12.2}{\376\377\000D\000i\000s\000t\000a\000n\000c\000e\000\040\000B\000e\000t\000w\000e\000e\000n\000\040\000T\000w\000o\000\040\000P\000o\000i\000n\000t\000s\000\040\000o\000n\000\040\000a\000\040\000L\000i\000n\000e}{chapter.12}% 76
\BOOKMARK [1][-]{section.12.3}{\376\377\000A\000n\000g\000l\000e\000\040\000B\000e\000t\000w\000e\000e\000n\000\040\000T\000w\000o\000\040\000L\000i\000n\000e\000s}{chapter.12}% 77
\BOOKMARK [1][-]{section.12.4}{\376\377\000D\000i\000s\000t\000a\000n\000c\000e\000\040\000o\000f\000\040\000a\000\040\000P\000o\000i\000n\000t\000\040\000f\000r\000o\000m\000\040\000a\000\040\000L\000i\000n\000e}{chapter.12}% 78
\BOOKMARK [1][-]{section.12.5}{\376\377\000A\000n\000g\000l\000e\000\040\000B\000i\000s\000e\000c\000t\000o\000r\000\040\000o\000f\000\040\000a\000\040\000L\000i\000n\000e}{chapter.12}% 79
\BOOKMARK [1][-]{section.12.6}{\376\377\000E\000q\000u\000a\000t\000i\000o\000n\000\040\000o\000f\000\040\000a\000\040\000S\000t\000r\000a\000i\000g\000h\000t\000\040\000L\000i\000n\000e\000\040\000P\000a\000s\000s\000i\000n\000g\000\040\000t\000h\000r\000o\000u\000g\000h\000\040\000t\000h\000e\000\040\000I\000n\000t\000e\000r\000s\000e\000c\000t\000i\000o\000n\000\040\000o\000f\000\040\000T\000w\000o\000\040\000L\000i\000n\000e\000s}{chapter.12}% 80
\BOOKMARK [1][-]{section.12.7}{\376\377\000R\000e\000l\000a\000t\000i\000v\000e\000\040\000P\000o\000s\000i\000t\000i\000o\000n\000\040\000o\000f\000\040\000P\000o\000i\000n\000t\000s\000\040\000w\000.\000r\000.\000t\000.\000\040\000a\000\040\000L\000i\000n\000e}{chapter.12}% 81
\BOOKMARK [1][-]{section.12.8}{\376\377\000R\000a\000t\000i\000o\000\040\000o\000f\000\040\000D\000i\000v\000i\000s\000i\000o\000n\000\040\000o\000f\000\040\000L\000i\000n\000e\000\040\000S\000e\000g\000m\000e\000n\000t}{chapter.12}% 82
\BOOKMARK [0][-]{chapter.13}{\376\377\000G\000e\000n\000e\000r\000a\000l\000\040\000T\000h\000e\000o\000r\000y\000\040\000o\000f\000\040\000S\000e\000c\000o\000n\000d\000\040\000D\000e\000g\000r\000e\000e\000\040\000E\000q\000u\000a\000t\000i\000o\000n}{part.2}% 83
\BOOKMARK [0][-]{chapter.14}{\376\377\000C\000o\000n\000i\000c\000s}{part.2}% 84
\BOOKMARK [1][-]{section.14.1}{\376\377\000P\000a\000r\000a\000m\000e\000t\000r\000i\000c\000\040\000F\000o\000r\000m\000\040\000o\000f\000\040\000C\000o\000n\000i\000c\000s}{chapter.14}% 85
\BOOKMARK [2][-]{subsection.14.1.1}{\376\377\000H\000y\000p\000e\000r\000b\000o\000l\000a}{section.14.1}% 86
\BOOKMARK [2][-]{subsection.14.1.2}{\376\377\000E\000l\000l\000i\000p\000s\000e}{section.14.1}% 87
\BOOKMARK [2][-]{subsection.14.1.3}{\376\377\000P\000a\000r\000a\000b\000o\000l\000a}{section.14.1}% 88
\BOOKMARK [1][-]{section.14.2}{\376\377\000E\000q\000u\000a\000t\000i\000o\000n\000\040\000f\000o\000r\000m\000\040\000o\000f\000\040\000C\000o\000n\000i\000c\000s}{chapter.14}% 89
\BOOKMARK [2][-]{subsection.14.2.1}{\376\377\000P\000a\000r\000a\000b\000o\000l\000a}{section.14.2}% 90
\BOOKMARK [2][-]{subsection.14.2.2}{\376\377\000E\000l\000l\000i\000p\000s\000e\000\040\000a\000n\000d\000\040\000H\000y\000p\000e\000r\000b\000o\000l\000a}{section.14.2}% 91
\BOOKMARK [0][-]{chapter.15}{\376\377\000C\000i\000r\000c\000l\000e\000s}{part.2}% 92
\BOOKMARK [1][-]{section.15.1}{\376\377\000L\000o\000c\000u\000s\000\040\000F\000o\000r\000m}{chapter.15}% 93
\BOOKMARK [1][-]{section.15.2}{\376\377\000D\000i\000a\000m\000e\000t\000e\000r\000\040\000F\000o\000r\000m}{chapter.15}% 94
\BOOKMARK [1][-]{section.15.3}{\376\377\000G\000e\000n\000e\000r\000a\000l\000\040\000F\000o\000r\000m}{chapter.15}% 95
\BOOKMARK [1][-]{section.15.4}{\376\377\000I\000m\000p\000o\000r\000t\000a\000n\000t\000\040\000R\000e\000l\000a\000t\000i\000o\000n\000s}{chapter.15}% 96
\BOOKMARK [1][-]{section.15.5}{\376\377\000C\000o\000m\000m\000o\000n\000\040\000f\000o\000r\000\040\000T\000w\000o\000\040\000C\000i\000r\000c\000l\000e\000s}{chapter.15}% 97
\BOOKMARK [0][-]{chapter.16}{\376\377\000V\000e\000c\000t\000o\000r\000s}{part.2}% 98
\BOOKMARK [1][-]{section.16.1}{\376\377\000M\000o\000d\000u\000l\000u\000s\000\040\000o\000f\000\040\000a\000\040\000V\000e\000c\000t\000o\000r}{chapter.16}% 99
\BOOKMARK [1][-]{section.16.2}{\376\377\000S\000u\000m\000\040\000o\000f\000\040\000V\000e\000c\000t\000o\000r\000s}{chapter.16}% 100
\BOOKMARK [1][-]{section.16.3}{\376\377\000P\000r\000o\000d\000u\000c\000t\000\040\000o\000f\000\040\000V\000e\000c\000t\000o\000r\000s}{chapter.16}% 101
\BOOKMARK [2][-]{subsection.16.3.1}{\376\377\000D\000o\000t\000\040\000P\000r\000o\000d\000u\000c\000t}{section.16.3}% 102
\BOOKMARK [2][-]{subsection.16.3.2}{\376\377\000C\000r\000o\000s\000s\000\040\000P\000r\000o\000d\000u\000c\000t}{section.16.3}% 103
\BOOKMARK [1][-]{section.16.4}{\376\377\000T\000e\000s\000t\000\040\000o\000f\000\040\000C\000o\000-\000p\000l\000a\000n\000a\000r\000i\000t\000y}{chapter.16}% 104
\BOOKMARK [0][-]{chapter.17}{\376\377\0003\000D\000\040\000-\000\040\000S\000p\000a\000c\000e}{part.2}% 105
\BOOKMARK [1][-]{section.17.1}{\376\377\000L\000i\000n\000e\000\040\000s\000e\000g\000m\000e\000n\000t\000s\000\040\000i\000n\000\040\0003\000D\000\040\000-\000\040\000S\000p\000a\000c\000e}{chapter.17}% 106
\BOOKMARK [2][-]{subsection.17.1.1}{\376\377\000D\000i\000s\000t\000a\000n\000c\000e\000\040\000b\000e\000t\000w\000e\000e\000n\000\040\000T\000w\000o\000\040\000P\000o\000i\000n\000t\000s}{section.17.1}% 107
\BOOKMARK [2][-]{subsection.17.1.2}{\376\377\000S\000e\000c\000t\000i\000o\000n\000\040\000F\000o\000r\000m\000u\000l\000a\000\040\000o\000f\000\040\000a\000\040\000L\000i\000n\000e\000\040\000S\000e\000g\000m\000e\000n\000t\000\040\000D\000i\000v\000i\000d\000e\000d\000\040\000i\000n\000\040\000t\000h\000e\000\040\000r\000a\000t\000i\000o\000\040\000m\000:\000n}{section.17.1}% 108
\BOOKMARK [1][-]{section.17.2}{\376\377\000L\000i\000n\000e\000\040\000i\000n\000\040\0003\000D\000\040\000-\000\040\000S\000p\000a\000c\000e}{chapter.17}% 109
\BOOKMARK [2][-]{subsection.17.2.1}{\376\377\000A\000n\000g\000l\000e\000\040\000b\000e\000t\000w\000e\000e\000n\000\040\000T\000w\000o\000\040\000L\000i\000n\000e\000s}{section.17.2}% 110
\BOOKMARK [2][-]{subsection.17.2.2}{\376\377\000S\000k\000e\000w\000\040\000a\000n\000d\000\040\000C\000o\000-\000p\000l\000a\000n\000a\000r\000\040\000L\000i\000n\000e\000s}{section.17.2}% 111
\BOOKMARK [2][-]{subsection.17.2.3}{\376\377\000D\000i\000s\000t\000a\000n\000c\000e\000\040\000b\000e\000t\000w\000e\000e\000n\000\040\000L\000i\000n\000e\000s}{section.17.2}% 112
\BOOKMARK [1][-]{section.17.3}{\376\377\000T\000r\000i\000a\000n\000g\000u\000l\000a\000r\000\040\000P\000l\000a\000n\000e}{chapter.17}% 113
\BOOKMARK [2][-]{subsection.17.3.1}{\376\377\000C\000e\000n\000t\000r\000o\000i\000d\000\040\000o\000f\000\040\000a\000\040\000T\000r\000i\000a\000n\000g\000l\000e}{section.17.3}% 114
\BOOKMARK [0][-]{chapter.18}{\376\377\0003\000D\000\040\000-\000\040\000P\000l\000a\000n\000e}{part.2}% 115
\BOOKMARK [1][-]{section.18.1}{\376\377\000A\000n\000g\000l\000e\000\040\000B\000e\000t\000w\000e\000e\000n\000\040\000T\000w\000o\000\040\000P\000l\000a\000n\000e\000s}{chapter.18}% 116
\BOOKMARK [1][-]{section.18.2}{\376\377\000D\000i\000s\000t\000a\000n\000c\000e\000\040\000o\000f\000\040\000a\000\040\000P\000o\000i\000n\000t\000\040\000f\000r\000o\000m\000\040\000a\000\040\000P\000l\000a\000n\000e}{chapter.18}% 117
\BOOKMARK [2][-]{subsection.18.2.1}{\376\377\000C\000a\000t\000e\000s\000i\000a\000n\000\040\000F\000o\000r\000m}{section.18.2}% 118
\BOOKMARK [2][-]{subsection.18.2.2}{\376\377\000V\000e\000c\000t\000o\000r\000\040\000F\000o\000r\000m}{section.18.2}% 119
\BOOKMARK [-1][-]{part.3}{\376\377\000I\000I\000I\000\040\000S\000t\000a\000t\000i\000s\000t\000i\000c\000s}{}% 120
\BOOKMARK [0][-]{chapter.19}{\376\377\000D\000e\000s\000c\000r\000i\000p\000t\000i\000v\000e\000\040\000S\000t\000a\000t\000i\000s\000t\000i\000c\000s}{part.3}% 121
\BOOKMARK [1][-]{section.19.1}{\376\377\000M\000e\000a\000s\000u\000r\000e\000\040\000o\000f\000\040\000L\000o\000c\000a\000t\000i\000o\000n}{chapter.19}% 122
\BOOKMARK [2][-]{subsection.19.1.1}{\376\377\000M\000e\000a\000n}{section.19.1}% 123
\BOOKMARK [2][-]{subsection.19.1.2}{\376\377\000M\000e\000d\000i\000a\000n}{section.19.1}% 124
\BOOKMARK [2][-]{subsection.19.1.3}{\376\377\000M\000o\000d\000e}{section.19.1}% 125
\BOOKMARK [2][-]{subsection.19.1.4}{\376\377\000Q\000u\000a\000r\000t\000i\000l\000e}{section.19.1}% 126
\BOOKMARK [1][-]{section.19.2}{\376\377\000M\000e\000a\000s\000u\000r\000e\000\040\000o\000f\000\040\000S\000p\000r\000e\000a\000d}{chapter.19}% 127
\BOOKMARK [2][-]{subsection.19.2.1}{\376\377\000V\000a\000r\000i\000a\000n\000c\000e}{section.19.2}% 128
\BOOKMARK [2][-]{subsection.19.2.2}{\376\377\000S\000a\000m\000p\000l\000e\000\040\000V\000a\000r\000i\000a\000n\000c\000e}{section.19.2}% 129
\BOOKMARK [2][-]{subsection.19.2.3}{\376\377\000S\000t\000a\000n\000d\000a\000r\000d\000\040\000D\000e\000v\000i\000a\000t\000i\000o\000n\000\040\000a\000n\000d\000\040\000S\000a\000m\000p\000l\000e\000\040\000S\000t\000a\000n\000d\000a\000r\000d}{section.19.2}% 130
\BOOKMARK [2][-]{subsection.19.2.4}{\376\377\000C\000o\000-\000e\000f\000f\000i\000c\000i\000e\000n\000t\000\040\000o\000f\000\040\000V\000a\000r\000i\000a\000n\000c\000e}{section.19.2}% 131
\BOOKMARK [1][-]{section.19.3}{\376\377\000S\000k\000e\000w\000n\000e\000s\000s}{chapter.19}% 132
\BOOKMARK [2][-]{subsection.19.3.1}{\376\377\000T\000y\000p\000e\000s\000\040\000o\000f\000\040\000S\000k\000e\000w\000n\000e\000s\000s}{section.19.3}% 133
\BOOKMARK [2][-]{subsection.19.3.2}{\376\377\000M\000e\000a\000s\000u\000r\000e\000\040\000o\000f\000\040\000S\000k\000e\000w\000n\000e\000s\000s}{section.19.3}% 134
\BOOKMARK [1][-]{section.19.4}{\376\377\000K\000u\000r\000t\000o\000s\000i\000s}{chapter.19}% 135
\BOOKMARK [2][-]{subsection.19.4.1}{\376\377\000T\000y\000p\000e\000\040\000o\000f\000\040\000K\000u\000r\000t\000o\000s\000i\000s}{section.19.4}% 136
\BOOKMARK [0][-]{chapter.20}{\376\377\000H\000y\000p\000o\000t\000h\000e\000s\000i\000s\000\040\000T\000e\000s\000t\000i\000n\000g}{part.3}% 137
\BOOKMARK [1][-]{section.20.1}{\376\377\000T\000-\000T\000e\000s\000t}{chapter.20}% 138
\BOOKMARK [1][-]{section.20.2}{\376\377\0002\000\040\000T\000e\000s\000t}{chapter.20}% 139
\BOOKMARK [0][-]{chapter.21}{\376\377\000R\000e\000s\000e\000a\000r\000c\000h\000\040\000a\000n\000d\000\040\000S\000u\000r\000v\000e\000y\000\040\000D\000e\000s\000i\000g\000n}{part.3}% 140
\BOOKMARK [1][-]{section.21.1}{\376\377\000P\000o\000p\000u\000l\000a\000t\000i\000o\000n\000\040\000C\000o\000v\000a\000r\000i\000a\000n\000c\000e}{chapter.21}% 141
\BOOKMARK [1][-]{section.21.2}{\376\377\000S\000a\000m\000p\000l\000e\000\040\000C\000o\000v\000a\000r\000i\000a\000n\000c\000e}{chapter.21}% 142
\BOOKMARK [1][-]{section.21.3}{\376\377\000B\000r\000a\000v\000a\000i\000s\000-\000P\000e\000a\000r\000s\000o\000n\000\040\000C\000o\000r\000r\000e\000l\000a\000t\000i\000o\000n\000\040\000C\000o\000-\000e\000f\000f\000i\000c\000i\000e\000n\000t}{chapter.21}% 143
\BOOKMARK [1][-]{section.21.4}{\376\377\000S\000p\000e\000a\000r\000m\000a\000n\000'\000s\000\040\000R\000a\000n\000k\000\040\000C\000o\000r\000r\000e\000l\000a\000t\000i\000o\000n\000\040\000C\000o\000-\000e\000f\000f\000i\000c\000i\000e\000n\000t}{chapter.21}% 144
\BOOKMARK [0][-]{chapter.22}{\376\377\000E\000s\000t\000i\000m\000a\000t\000i\000o\000n\000\040\000o\000f\000\040\000R\000e\000g\000r\000e\000s\000s\000i\000o\000n\000\040\000F\000u\000n\000c\000t\000i\000o\000n}{part.3}% 145
\BOOKMARK [1][-]{section.22.1}{\376\377\000S\000u\000m\000\040\000o\000f\000\040\000S\000q\000u\000a\000r\000e\000s\000\040\000E\000r\000r\000o\000r}{chapter.22}% 146
\BOOKMARK [2][-]{subsection.22.1.1}{\376\377\000R\0002\000:\000\040\000C\000o\000e\000f\000f\000i\000c\000i\000e\000n\000t\000\040\000o\000f\000\040\000D\000e\000t\000e\000r\000m\000i\000n\000a\000t\000i\000o\000n}{section.22.1}% 147
\BOOKMARK [2][-]{subsection.22.1.2}{\376\377\000:\000\040\000C\000o\000e\000f\000f\000i\000c\000i\000e\000n\000t\000\040\000o\000f\000\040\000D\000e\000t\000e\000r\000m\000i\000n\000a\000t\000i\000o\000n}{section.22.1}% 148
\BOOKMARK [1][-]{section.22.2}{\376\377\000T\000-\000T\000e\000s\000t}{chapter.22}% 149
\BOOKMARK [1][-]{section.22.3}{\376\377\000F\000-\000T\000e\000s\000t}{chapter.22}% 150
\BOOKMARK [1][-]{section.22.4}{\376\377\000T\000e\000s\000t\000\040\000f\000o\000r\000\040\000H\000e\000t\000e\000r\000o\000s\000k\000e\000d\000a\000s\000t\000i\000c\000i\000t\000y}{chapter.22}% 151
\BOOKMARK [2][-]{subsection.22.4.1}{\376\377\000D\000e\000f\000i\000n\000i\000t\000i\000o\000n}{section.22.4}% 152
\BOOKMARK [2][-]{subsection.22.4.2}{\376\377\000D\000u\000r\000b\000i\000n\000-\000W\000a\000t\000s\000o\000n\000\040\000T\000e\000s\000t}{section.22.4}% 153
\BOOKMARK [0][-]{chapter.23}{\376\377\000D\000u\000m\000m\000y\000\040\000V\000a\000r\000i\000a\000b\000l\000e\000s}{part.3}% 154
\BOOKMARK [1][-]{section.23.1}{\376\377\000D\000u\000m\000m\000y\000\040\000V\000a\000r\000i\000a\000b\000l\000e}{chapter.23}% 155
\BOOKMARK [1][-]{section.23.2}{\376\377\000S\000l\000o\000p\000e\000\040\000D\000u\000m\000m\000y\000\040\000V\000a\000r\000i\000a\000b\000l\000e}{chapter.23}% 156
\BOOKMARK [1][-]{section.23.3}{\376\377\000S\000l\000o\000p\000e\000\040\000\046\000\040\000D\000u\000m\000m\000y\000\040\000V\000a\000r\000i\000a\000b\000l\000e}{chapter.23}% 157
\BOOKMARK [1][-]{section.23.4}{\376\377\000M\000u\000l\000t\000i\000-\000C\000a\000t\000e\000g\000o\000r\000i\000e\000s\000\040\000D\000u\000m\000m\000y\000\040\000V\000a\000r\000i\000a\000b\000l\000e}{chapter.23}% 158
\BOOKMARK [0][-]{chapter.24}{\376\377\000L\000o\000g\000i\000s\000t\000i\000c\000\040\000R\000e\000g\000r\000e\000s\000s\000i\000o\000n}{part.3}% 159
\BOOKMARK [-1][-]{part.4}{\376\377\000I\000V\000\040\000T\000r\000i\000g\000o\000n\000o\000m\000e\000t\000r\000y}{}% 160
\BOOKMARK [0][-]{chapter.25}{\376\377\000C\000i\000r\000c\000u\000l\000a\000r\000\040\000T\000r\000i\000g\000o\000n\000o\000m\000e\000t\000r\000i\000c\000\040\000F\000u\000n\000c\000t\000i\000o\000n\000s}{part.4}% 161
\BOOKMARK [1][-]{section.25.1}{\376\377\000T\000r\000i\000g\000o\000n\000o\000m\000e\000t\000r\000i\000c\000\040\000R\000a\000t\000i\000o\000s\000\040\000o\000f\000\040\000S\000t\000a\000n\000d\000a\000r\000d\000\040\000A\000n\000g\000l\000e\000s}{chapter.25}% 162
\BOOKMARK [1][-]{section.25.2}{\376\377\000N\000e\000g\000a\000t\000i\000v\000e\000\040\000A\000n\000g\000l\000e\000\040\000F\000o\000r\000m\000u\000l\000a}{chapter.25}% 163
\BOOKMARK [1][-]{section.25.3}{\376\377\000S\000u\000m\000\040\000o\000f\000\040\000A\000n\000g\000l\000e\000s\000\040\000F\000o\000r\000m\000u\000l\000a}{chapter.25}% 164
\BOOKMARK [1][-]{section.25.4}{\376\377\000D\000i\000f\000f\000e\000r\000e\000n\000c\000e\000\040\000o\000f\000\040\000A\000n\000g\000l\000e\000s\000\040\000F\000o\000r\000m\000u\000l\000a}{chapter.25}% 165
\BOOKMARK [1][-]{section.25.5}{\376\377\000M\000u\000l\000t\000i\000p\000l\000e\000s\000\040\000a\000n\000d\000\040\000S\000u\000b\000-\000m\000u\000l\000t\000i\000p\000l\000e\000s\000\040\000o\000f\000\040\000\040\000a\000n\000d\000\040\0002}{chapter.25}% 166
\BOOKMARK [1][-]{section.25.6}{\376\377\000\050\0002\000\051\000\040\000F\000o\000r\000m\000u\000l\000a}{chapter.25}% 167
\BOOKMARK [1][-]{section.25.7}{\376\377\000\050\0004\000\051\000\040\000F\000o\000r\000m\000u\000l\000a}{chapter.25}% 168
\BOOKMARK [1][-]{section.25.8}{\376\377\000T\000r\000i\000g\000o\000n\000o\000m\000e\000t\000r\000i\000c\000\040\000I\000d\000e\000n\000t\000i\000t\000i\000e\000s}{chapter.25}% 169
\BOOKMARK [1][-]{section.25.9}{\376\377\000D\000o\000u\000b\000l\000e\000\040\000A\000n\000g\000l\000e\000\040\000F\000o\000r\000m\000u\000l\000a}{chapter.25}% 170
\BOOKMARK [1][-]{section.25.10}{\376\377\000T\000r\000i\000p\000l\000e\000\040\000A\000n\000g\000l\000e\000\040\000F\000o\000r\000m\000u\000l\000a}{chapter.25}% 171
\BOOKMARK [1][-]{section.25.11}{\376\377\000S\000u\000m\000\040\000a\000n\000d\000\040\000P\000r\000o\000d\000u\000c\000t\000\040\000o\000f\000\040\000T\000w\000o\000\040\000R\000a\000t\000i\000o\000s}{chapter.25}% 172
\BOOKMARK [1][-]{section.25.12}{\376\377\000G\000e\000n\000e\000r\000a\000l\000\040\000S\000o\000l\000u\000t\000i\000o\000n\000s}{chapter.25}% 173
\BOOKMARK [1][-]{section.25.13}{\376\377\000T\000a\000y\000l\000o\000r\000\040\000S\000e\000r\000i\000e\000s\000\040\000E\000x\000p\000a\000n\000s\000i\000o\000n\000\040\000o\000f\000\040\000T\000r\000i\000g\000o\000n\000o\000m\000e\000t\000r\000i\000c\000\040\000R\000a\000t\000i\000o\000s}{chapter.25}% 174
\BOOKMARK [0][-]{chapter.26}{\376\377\000I\000n\000v\000e\000r\000s\000e\000\040\000C\000i\000r\000c\000u\000l\000a\000r\000\040\000T\000r\000i\000g\000o\000n\000o\000m\000e\000t\000r\000i\000c\000\040\000F\000u\000n\000c\000t\000i\000o\000n}{part.4}% 175
\BOOKMARK [1][-]{section.26.1}{\376\377\000D\000e\000f\000i\000n\000i\000t\000i\000o\000n\000\040\000o\000f\000\040\000I\000n\000v\000e\000r\000s\000e\000\040\000C\000i\000r\000c\000u\000l\000a\000r\000\040\000T\000r\000i\000g\000o\000n\000o\000m\000e\000t\000r\000i\000c\000\040\000F\000u\000n\000c\000t\000i\000o\000n}{chapter.26}% 176
\BOOKMARK [2][-]{subsection.26.1.1}{\376\377\000F\000o\000r\000\040\000x}{section.26.1}% 177
\BOOKMARK [2][-]{subsection.26.1.2}{\376\377\000F\000o\000r\000\040\000x}{section.26.1}% 178
\BOOKMARK [2][-]{subsection.26.1.3}{\376\377\000F\000o\000r\000\040\000x}{section.26.1}% 179
\BOOKMARK [2][-]{subsection.26.1.4}{\376\377\000F\000o\000r\000\040\000x}{section.26.1}% 180
\BOOKMARK [2][-]{subsection.26.1.5}{\376\377\000F\000o\000r\000\040\000x}{section.26.1}% 181
\BOOKMARK [1][-]{section.26.2}{\376\377\000N\000e\000g\000a\000t\000i\000v\000e\000\040\000A\000r\000g\000u\000m\000e\000n\000t\000s}{chapter.26}% 182
\BOOKMARK [1][-]{section.26.3}{\376\377\000R\000e\000c\000i\000p\000r\000o\000c\000a\000l\000\040\000R\000e\000l\000a\000t\000i\000o\000n\000s}{chapter.26}% 183
\BOOKMARK [1][-]{section.26.4}{\376\377\000I\000.\000T\000.\000F\000.\000\040\000I\000d\000e\000n\000t\000i\000t\000i\000e\000s}{chapter.26}% 184
\BOOKMARK [1][-]{section.26.5}{\376\377\000S\000u\000m\000\040\000o\000f\000\040\000T\000w\000o\000\040\000A\000n\000g\000l\000e\000s}{chapter.26}% 185
\BOOKMARK [1][-]{section.26.6}{\376\377\000D\000i\000f\000f\000e\000r\000e\000n\000c\000e\000\040\000o\000f\000\040\000T\000w\000o\000\040\000A\000n\000g\000l\000e\000s}{chapter.26}% 186
\BOOKMARK [1][-]{section.26.7}{\376\377\000I\000n\000t\000e\000r\000c\000o\000n\000v\000e\000r\000s\000i\000o\000n\000\040\000o\000f\000\040\000R\000a\000t\000i\000o\000s}{chapter.26}% 187
\BOOKMARK [1][-]{section.26.8}{\376\377\000M\000i\000s\000c\000e\000l\000l\000a\000n\000e\000o\000u\000s\000\040\000R\000e\000l\000a\000t\000i\000o\000n\000s}{chapter.26}% 188
\BOOKMARK [0][-]{chapter.27}{\376\377\000H\000y\000p\000e\000r\000b\000o\000l\000i\000c\000\040\000T\000r\000i\000g\000o\000n\000o\000m\000e\000t\000r\000i\000c\000\040\000F\000u\000n\000c\000t\000i\000o\000n\000s}{part.4}% 189
\BOOKMARK [1][-]{section.27.1}{\376\377\000D\000e\000f\000i\000n\000i\000t\000i\000o\000n}{chapter.27}% 190
\BOOKMARK [1][-]{section.27.2}{\376\377\000I\000d\000e\000n\000t\000i\000t\000i\000e\000s}{chapter.27}% 191
\BOOKMARK [1][-]{section.27.3}{\376\377\000I\000n\000v\000e\000r\000s\000e\000\040\000H\000y\000p\000e\000r\000b\000o\000l\000i\000c\000\040\000F\000u\000n\000c\000t\000i\000o\000n}{chapter.27}% 192
\BOOKMARK [1][-]{section.27.4}{\376\377\000R\000e\000l\000a\000t\000i\000o\000n\000\040\000t\000o\000\040\000C\000i\000r\000c\000u\000l\000a\000r\000\040\000T\000r\000i\000g\000o\000n\000o\000m\000e\000t\000r\000i\000c\000\040\000F\000u\000n\000c\000t\000i\000o\000n\000s}{chapter.27}% 193
\BOOKMARK [-1][-]{part.5}{\376\377\000V\000\040\000C\000a\000l\000c\000u\000l\000u\000s}{}% 194
\BOOKMARK [0][-]{chapter.28}{\376\377\000L\000i\000m\000i\000t\000s}{part.5}% 195
\BOOKMARK [1][-]{section.28.1}{\376\377\000L\000'\000H\000o\000s\000p\000i\000t\000a\000l\000\040\000R\000u\000l\000e}{chapter.28}% 196
\BOOKMARK [0][-]{chapter.29}{\376\377\000D\000i\000f\000f\000e\000r\000e\000n\000t\000i\000a\000t\000i\000o\000n}{part.5}% 197
\BOOKMARK [1][-]{section.29.1}{\376\377\000D\000i\000f\000f\000e\000r\000e\000n\000t\000i\000a\000t\000i\000o\000n\000\040\000b\000y\000\040\000F\000i\000r\000s\000t\000\040\000P\000r\000i\000n\000c\000i\000p\000l\000e}{chapter.29}% 198
\BOOKMARK [1][-]{section.29.2}{\376\377\000S\000t\000a\000n\000d\000a\000r\000d\000\040\000D\000i\000f\000f\000e\000r\000e\000n\000t\000i\000a\000t\000i\000o\000n\000\040\000F\000o\000r\000m\000u\000l\000a\000e}{chapter.29}% 199
\BOOKMARK [2][-]{subsection.29.2.1}{\376\377\000C\000i\000r\000c\000u\000l\000a\000r\000\040\000T\000r\000i\000g\000o\000n\000o\000m\000e\000t\000r\000i\000c\000\040\000F\000u\000n\000c\000t\000i\000o\000n\000s}{section.29.2}% 200
\BOOKMARK [2][-]{subsection.29.2.2}{\376\377\000I\000n\000v\000e\000r\000s\000e\000\040\000C\000i\000r\000c\000u\000l\000a\000r\000\040\000T\000r\000i\000g\000o\000n\000o\000m\000e\000t\000r\000i\000c\000\040\000F\000u\000n\000c\000t\000i\000o\000n\000s}{section.29.2}% 201
\BOOKMARK [2][-]{subsection.29.2.3}{\376\377\000H\000y\000p\000e\000r\000b\000o\000l\000i\000c\000\040\000T\000r\000i\000g\000o\000n\000o\000m\000e\000t\000r\000i\000c\000\040\000F\000u\000n\000c\000t\000i\000o\000n}{section.29.2}% 202
\BOOKMARK [2][-]{subsection.29.2.4}{\376\377\000I\000n\000v\000e\000r\000s\000e\000\040\000H\000y\000p\000e\000r\000b\000o\000l\000i\000c\000\040\000T\000r\000i\000g\000o\000n\000o\000m\000e\000t\000r\000i\000c\000\040\000F\000u\000n\000c\000t\000i\000o\000n}{section.29.2}% 203
\BOOKMARK [1][-]{section.29.3}{\376\377\000R\000u\000l\000e\000s\000\040\000o\000f\000\040\000D\000i\000f\000f\000e\000r\000e\000n\000t\000i\000a\000t\000i\000o\000n}{chapter.29}% 204
\BOOKMARK [1][-]{section.29.4}{\376\377\000C\000h\000a\000i\000n\000\040\000R\000u\000l\000e}{chapter.29}% 205
\BOOKMARK [0][-]{chapter.30}{\376\377\000S\000u\000c\000c\000e\000s\000s\000i\000v\000e\000\040\000D\000i\000f\000f\000e\000r\000e\000n\000t\000i\000a\000t\000i\000o\000n}{part.5}% 206
\BOOKMARK [1][-]{section.30.1}{\376\377\000L\000e\000i\000b\000n\000i\000t\000z\000'\000s\000\040\000T\000h\000e\000o\000r\000e\000m}{chapter.30}% 207
\BOOKMARK [0][-]{chapter.31}{\376\377\000P\000a\000r\000t\000i\000a\000l\000\040\000D\000e\000r\000i\000v\000a\000t\000i\000v\000e}{part.5}% 208
\BOOKMARK [1][-]{section.31.1}{\376\377\000C\000h\000a\000i\000n\000\040\000R\000u\000l\000e}{chapter.31}% 209
\BOOKMARK [1][-]{section.31.2}{\376\377\000E\000u\000l\000e\000r\000'\000s\000\040\000T\000h\000e\000o\000r\000e\000m}{chapter.31}% 210
\BOOKMARK [0][-]{chapter.32}{\376\377\000A\000p\000p\000l\000i\000c\000a\000t\000i\000o\000n\000\040\000o\000f\000\040\000D\000i\000f\000f\000e\000r\000e\000n\000t\000i\000a\000l}{part.5}% 211
\BOOKMARK [1][-]{section.32.1}{\376\377\000R\000o\000l\000l\000e\000'\000s\000\040\000T\000h\000e\000o\000r\000e\000m}{chapter.32}% 212
\BOOKMARK [1][-]{section.32.2}{\376\377\000M\000e\000a\000n\000\040\000V\000a\000l\000u\000e\000\040\000T\000h\000e\000o\000r\000e\000m\000\040\000o\000r\000\040\000L\000a\000G\000r\000a\000n\000g\000e\000'\000s\000\040\000T\000h\000e\000o\000r\000e\000m}{chapter.32}% 213
\BOOKMARK [1][-]{section.32.3}{\376\377\000C\000a\000u\000c\000h\000y\000'\000s\000\040\000M\000e\000a\000n\000\040\000V\000a\000l\000u\000e\000\040\000T\000h\000e\000o\000r\000e\000m}{chapter.32}% 214
\BOOKMARK [1][-]{section.32.4}{\376\377\000M\000a\000x\000i\000m\000a\000\040\000a\000n\000d\000\040\000M\000i\000n\000i\000m\000a}{chapter.32}% 215
\BOOKMARK [2][-]{subsection.32.4.1}{\376\377\000M\000a\000x\000i\000m\000a}{section.32.4}% 216
\BOOKMARK [2][-]{subsection.32.4.2}{\376\377\000M\000i\000n\000i\000m\000a}{section.32.4}% 217
\BOOKMARK [1][-]{section.32.5}{\376\377\000T\000a\000y\000l\000o\000r\000'\000s\000\040\000T\000h\000e\000o\000r\000e\000m}{chapter.32}% 218
\BOOKMARK [2][-]{subsection.32.5.1}{\376\377\000R\000e\000m\000a\000i\000n\000d\000e\000r\000\040\000T\000e\000r\000m}{section.32.5}% 219
\BOOKMARK [2][-]{subsection.32.5.2}{\376\377\000C\000o\000n\000d\000i\000t\000i\000o\000n\000s\000\040\000f\000o\000r\000\040\000V\000a\000l\000i\000d\000i\000t\000y\000\040\000o\000f\000\040\000E\000x\000p\000a\000n\000s\000i\000o\000n}{section.32.5}% 220
\BOOKMARK [2][-]{subsection.32.5.3}{\376\377\000T\000a\000y\000l\000o\000r\000'\000s\000\040\000T\000h\000e\000o\000r\000e\000m\000\040\000f\000o\000r\000\040\000T\000w\000o\000\040\000V\000a\000r\000i\000a\000b\000l\000e\000s}{section.32.5}% 221
\BOOKMARK [1][-]{section.32.6}{\376\377\000M\000a\000c\000l\000a\000u\000r\000i\000n\000'\000s\000\040\000S\000e\000r\000i\000e\000s}{chapter.32}% 222
\BOOKMARK [2][-]{subsection.32.6.1}{\376\377\000M\000a\000c\000l\000a\000u\000r\000i\000n\000'\000s\000\040\000S\000e\000r\000i\000e\000s\000\040\000w\000i\000t\000h\000\040\000T\000w\000o\000\040\000V\000a\000r\000i\000a\000b\000l\000e\000s}{section.32.6}% 223
\BOOKMARK [1][-]{section.32.7}{\376\377\000C\000u\000r\000v\000a\000t\000u\000r\000e}{chapter.32}% 224
\BOOKMARK [2][-]{subsection.32.7.1}{\376\377\000R\000a\000d\000i\000u\000s\000\040\000o\000f\000\040\000C\000u\000r\000v\000a\000t\000u\000r\000e}{section.32.7}% 225
\BOOKMARK [2][-]{subsection.32.7.2}{\376\377\000N\000e\000w\000t\000o\000n\000'\000s\000\040\000F\000o\000r\000m\000u\000l\000a}{section.32.7}% 226
\BOOKMARK [2][-]{subsection.32.7.3}{\376\377\000T\000a\000n\000g\000e\000n\000t\000\040\000a\000t\000\040\000O\000r\000i\000g\000i\000n}{section.32.7}% 227
\BOOKMARK [1][-]{section.32.8}{\376\377\000A\000s\000y\000m\000p\000t\000o\000t\000e\000s}{chapter.32}% 228
\BOOKMARK [2][-]{subsection.32.8.1}{\376\377\000A\000s\000y\000m\000p\000t\000o\000t\000e\000\040\000o\000f\000\040\000A\000l\000g\000e\000b\000r\000a\000i\000c\000\040\000C\000u\000r\000v\000e\000s}{section.32.8}% 229
