\BOOKMARK [-1][-]{part.1}{\376\377\000I\000\040\000A\000l\000g\000e\000b\000r\000a}{}% 1
\BOOKMARK [0][-]{chapter.1}{\376\377\000L\000o\000g\000a\000r\000i\000t\000h\000m}{part.1}% 2
\BOOKMARK [1][-]{section.1.1}{\376\377\000B\000a\000s\000i\000c\000\040\000F\000o\000r\000m\000u\000l\000a\000e}{chapter.1}% 3
\BOOKMARK [1][-]{section.1.2}{\376\377\000S\000e\000r\000i\000e\000s}{chapter.1}% 4
\BOOKMARK [0][-]{chapter.2}{\376\377\000C\000o\000m\000p\000l\000e\000x\000\040\000N\000u\000m\000b\000e\000r}{part.1}% 5
\BOOKMARK [1][-]{section.2.1}{\376\377\000B\000a\000s\000i\000c\000\040\000F\000o\000r\000m\000u\000l\000a\000e}{chapter.2}% 6
\BOOKMARK [1][-]{section.2.2}{\376\377\000A\000r\000i\000t\000h\000m\000e\000t\000i\000c\000\040\000O\000p\000e\000r\000a\000t\000i\000o\000n\000\040\000o\000f\000\040\000C\000o\000m\000p\000l\000e\000x\000\040\000N\000u\000m\000b\000e\000r}{chapter.2}% 7
\BOOKMARK [1][-]{section.2.3}{\376\377\000E\000u\000l\000e\000r\000'\000s\000\040\000F\000o\000r\000m\000u\000l\000a}{chapter.2}% 8
\BOOKMARK [1][-]{section.2.4}{\376\377\000T\000r\000i\000g\000o\000n\000o\000m\000e\000t\000r\000i\000c\000\040\000R\000a\000t\000i\000o\000s\000\040\000i\000n\000\040\000C\000o\000m\000p\000l\000e\000x\000\040\000F\000o\000r\000m}{chapter.2}% 9
\BOOKMARK [1][-]{section.2.5}{\376\377\000D\000e\000\040\000M\000o\000i\000v\000r\000e\000'\000s\000\040\000F\000o\000r\000m\000u\000l\000a}{chapter.2}% 10
\BOOKMARK [1][-]{section.2.6}{\376\377\000A\000p\000p\000l\000i\000c\000a\000t\000i\000o\000n\000\040\000o\000f\000\040\000E\000u\000l\000e\000r\000'\000s\000\040\000a\000n\000d\000\040\000D\000e\000\040\000M\000o\000i\000v\000r\000e\000'\000s\000\040\000F\000o\000r\000m\000u\000l\000a}{chapter.2}% 11
\BOOKMARK [1][-]{section.2.7}{\376\377\000R\000o\000o\000t\000s\000\040\000o\000f\000\040\000U\000n\000i\000t\000y}{chapter.2}% 12
\BOOKMARK [1][-]{section.2.8}{\376\377\000I\000m\000p\000o\000r\000t\000a\000n\000t\000\040\000R\000e\000l\000a\000t\000i\000o\000n\000s\000\040\000o\000f\000\040\000C\000o\000m\000p\000l\000e\000x\000\040\000N\000u\000m\000b\000e\000r\000s}{chapter.2}% 13
\BOOKMARK [0][-]{chapter.3}{\376\377\000P\000r\000o\000g\000r\000e\000s\000s\000i\000o\000n}{part.1}% 14
\BOOKMARK [1][-]{section.3.1}{\376\377\000A\000r\000i\000t\000h\000m\000e\000t\000i\000c\000\040\000P\000r\000o\000g\000r\000e\000s\000s\000i\000o\000n\000\040\000\050\000A\000.\000P\000.\000\051}{chapter.3}% 15
\BOOKMARK [2][-]{subsection.3.1.1}{\376\377\000S\000u\000m\000\040\000o\000f\000\040\000A\000.\000P\000.\000\040\000S\000e\000r\000i\000e\000s}{section.3.1}% 16
\BOOKMARK [2][-]{subsection.3.1.2}{\376\377\000I\000m\000p\000o\000r\000t\000a\000n\000t\000\040\000R\000e\000l\000a\000t\000i\000o\000n}{section.3.1}% 17
\BOOKMARK [1][-]{section.3.2}{\376\377\000G\000e\000o\000m\000e\000t\000r\000i\000c\000\040\000P\000r\000o\000g\000r\000e\000s\000s\000i\000o\000n\000\040\000\050\000G\000.\000P\000.\000\051}{chapter.3}% 18
\BOOKMARK [2][-]{subsection.3.2.1}{\376\377\000T\000h\000e\000\040\000V\000a\000l\000u\000e\000\040\000o\000f\000\040\000'\000r\000'}{section.3.2}% 19
\BOOKMARK [2][-]{subsection.3.2.2}{\376\377\000S\000u\000m\000\040\000o\000f\000\040\000a\000\040\000G\000.\000P\000.\000\040\000S\000e\000r\000i\000e\000s}{section.3.2}% 20
\BOOKMARK [2][-]{subsection.3.2.3}{\376\377\000I\000m\000p\000o\000r\000t\000a\000n\000t\000\040\000r\000e\000l\000a\000t\000i\000o\000n\000s}{section.3.2}% 21
\BOOKMARK [1][-]{section.3.3}{\376\377\000H\000a\000r\000m\000o\000n\000i\000c\000\040\000P\000r\000o\000g\000r\000e\000s\000s\000i\000o\000n\000\040\000\050\000H\000.\000P\000.\000\051}{chapter.3}% 22
\BOOKMARK [1][-]{section.3.4}{\376\377\000A\000r\000i\000t\000h\000m\000e\000t\000i\000c\000o\000-\000G\000e\000o\000m\000e\000t\000r\000i\000c\000\040\000P\000r\000o\000g\000r\000e\000s\000s\000i\000o\000n\000\040\000\050\000A\000.\000G\000.\000P\000.\000\051}{chapter.3}% 23
\BOOKMARK [2][-]{subsection.3.4.1}{\376\377\000S\000u\000m\000\040\000o\000f\000\040\000A\000.\000G\000.\000P\000.\000:}{section.3.4}% 24
\BOOKMARK [1][-]{section.3.5}{\376\377\000S\000p\000e\000c\000i\000a\000l\000\040\000S\000e\000r\000i\000e\000s}{chapter.3}% 25
\BOOKMARK [2][-]{subsection.3.5.1}{\376\377\000R\000i\000e\000m\000a\000n\000n\000\040\000Z\000e\000t\000a\000\040\000F\000u\000n\000c\000t\000i\000o\000n}{section.3.5}% 26
\BOOKMARK [2][-]{subsection.3.5.2}{\376\377\000R\000i\000e\000m\000a\000n\000n\000'\000s\000\040\000I\000n\000f\000i\000n\000i\000t\000e\000\040\000S\000e\000r\000i\000e\000s\000\040\000a\000s\000\040\000a\000n\000\040\000I\000n\000t\000e\000g\000r\000a\000t\000i\000o\000n}{section.3.5}% 27
\BOOKMARK [0][-]{chapter.4}{\376\377\000T\000e\000s\000t\000\040\000o\000f\000\040\000C\000o\000n\000v\000e\000r\000g\000e\000n\000c\000e\000\040\000o\000f\000\040\000I\000n\000f\000i\000n\000i\000t\000e\000\040\000S\000e\000r\000i\000e\000s}{part.1}% 28
\BOOKMARK [1][-]{section.4.1}{\376\377\000D\000e\000f\000i\000n\000i\000t\000i\000o\000n}{chapter.4}% 29
\BOOKMARK [1][-]{section.4.2}{\376\377\000T\000e\000s\000t\000s\000\040\000o\000f\000\040\000C\000o\000n\000v\000e\000r\000g\000e\000n\000c\000e}{chapter.4}% 30
\BOOKMARK [2][-]{subsection.4.2.1}{\376\377\000C\000o\000m\000p\000a\000r\000i\000s\000o\000n\000\040\000T\000e\000s\000t}{section.4.2}% 31
\BOOKMARK [2][-]{subsection.4.2.2}{\376\377\000L\000i\000m\000i\000t\000\040\000F\000o\000r\000m}{section.4.2}% 32
\BOOKMARK [2][-]{subsection.4.2.3}{\376\377\000I\000n\000t\000e\000g\000r\000a\000l\000\040\000T\000e\000s\000t\000\040\000o\000r\000\040\000M\000a\000c\000l\000a\000u\000r\000i\000n\000-\000C\000a\000u\000c\000h\000y\000\040\000T\000e\000s\000t}{section.4.2}% 33
\BOOKMARK [2][-]{subsection.4.2.4}{\376\377\000R\000a\000t\000i\000o\000\040\000T\000e\000s\000t}{section.4.2}% 34
\BOOKMARK [2][-]{subsection.4.2.5}{\376\377\000D\000'\000A\000l\000e\000m\000b\000e\000r\000t\000'\000s\000\040\000R\000a\000t\000i\000o\000\040\000T\000e\000s\000t}{section.4.2}% 35
\BOOKMARK [2][-]{subsection.4.2.6}{\376\377\000R\000a\000b\000b\000e\000'\000s\000\040\000T\000e\000s\000t}{section.4.2}% 36
\BOOKMARK [2][-]{subsection.4.2.7}{\376\377\000C\000a\000u\000c\000h\000y\000'\000s\000\040\000R\000o\000o\000t\000\040\000T\000e\000s\000t}{section.4.2}% 37
\BOOKMARK [2][-]{subsection.4.2.8}{\376\377\000L\000o\000g\000a\000r\000i\000t\000h\000m\000i\000c\000\040\000T\000e\000s\000t}{section.4.2}% 38
\BOOKMARK [0][-]{chapter.5}{\376\377\000D\000e\000t\000e\000r\000m\000i\000n\000a\000n\000t\000s}{part.1}% 39
\BOOKMARK [1][-]{section.5.1}{\376\377\000D\000e\000f\000i\000n\000i\000t\000i\000o\000n}{chapter.5}% 40
\BOOKMARK [2][-]{subsection.5.1.1}{\376\377\000M\000i\000n\000o\000r\000\040\000a\000n\000d\000\040\000C\000o\000f\000a\000c\000t\000o\000r}{section.5.1}% 41
\BOOKMARK [1][-]{section.5.2}{\376\377\000I\000m\000p\000o\000r\000t\000a\000n\000t\000\040\000P\000r\000o\000p\000e\000r\000t\000i\000e\000s}{chapter.5}% 42
\BOOKMARK [1][-]{section.5.3}{\376\377\000C\000r\000a\000m\000e\000r\000'\000s\000\040\000R\000u\000l\000e}{chapter.5}% 43
\BOOKMARK [2][-]{subsection.5.3.1}{\376\377\000C\000o\000n\000s\000i\000s\000t\000e\000n\000c\000y\000\040\000T\000e\000s\000t}{section.5.3}% 44
\BOOKMARK [0][-]{chapter.6}{\376\377\000M\000a\000t\000r\000i\000c\000e\000s}{part.1}% 45
\BOOKMARK [1][-]{section.6.1}{\376\377\000S\000u\000m\000\040\000o\000f\000\040\000T\000w\000o\000\040\000M\000a\000t\000r\000i\000c\000e\000s}{chapter.6}% 46
\BOOKMARK [1][-]{section.6.2}{\376\377\000M\000u\000l\000t\000i\000p\000l\000i\000c\000a\000t\000i\000o\000n\000\040\000o\000f\000\040\000T\000w\000o\000\040\000M\000a\000t\000r\000i\000c\000e\000s}{chapter.6}% 47
\BOOKMARK [2][-]{subsection.6.2.1}{\376\377\000M\000u\000l\000t\000i\000p\000l\000i\000c\000a\000t\000i\000v\000e\000\040\000P\000r\000o\000p\000e\000r\000t\000i\000e\000s}{section.6.2}% 48
\BOOKMARK [1][-]{section.6.3}{\376\377\000A\000d\000j\000o\000i\000n\000t\000\040\000o\000f\000\040\000a\000\040\000M\000a\000t\000r\000i\000x}{chapter.6}% 49
\BOOKMARK [1][-]{section.6.4}{\376\377\000M\000a\000r\000t\000i\000n\000'\000s\000\040\000R\000u\000l\000e}{chapter.6}% 50
\BOOKMARK [0][-]{chapter.7}{\376\377\000B\000i\000n\000o\000m\000i\000a\000l\000\040\000T\000h\000e\000o\000r\000e\000m}{part.1}% 51
\BOOKMARK [1][-]{section.7.1}{\376\377\000E\000x\000p\000a\000n\000s\000i\000o\000n\000\040\000o\000f\000\040\000a\000\040\000b\000i\000n\000o\000m\000i\000a\000l\000\040\000e\000x\000p\000r\000e\000s\000s\000i\000o\000n}{chapter.7}% 52
\BOOKMARK [1][-]{section.7.2}{\376\377\000T\000r\000i\000n\000o\000m\000i\000a\000l\000\040\000E\000x\000p\000a\000n\000s\000i\000o\000n}{chapter.7}% 53
\BOOKMARK [1][-]{section.7.3}{\376\377\000P\000r\000o\000p\000e\000r\000t\000i\000e\000s\000\040\000o\000f\000\040\000C\000o\000e\000f\000f\000i\000c\000i\000e\000n\000t\000s}{chapter.7}% 54
\BOOKMARK [1][-]{section.7.4}{\376\377\000P\000a\000s\000c\000a\000l\000'\000s\000\040\000R\000u\000l\000e}{chapter.7}% 55
\BOOKMARK [0][-]{chapter.8}{\376\377\000B\000o\000o\000l\000e\000a\000n\000\040\000A\000l\000g\000e\000b\000r\000a}{part.1}% 56
\BOOKMARK [0][-]{chapter.9}{\376\377\000R\000e\000m\000a\000i\000n\000d\000e\000r\000\040\000T\000h\000e\000o\000r\000e\000m\000s}{part.1}% 57
\BOOKMARK [1][-]{section.9.1}{\376\377\000R\000e\000m\000a\000i\000n\000d\000e\000r\000\040\000T\000h\000e\000o\000r\000e\000m}{chapter.9}% 58
\BOOKMARK [1][-]{section.9.2}{\376\377\000E\000u\000l\000e\000r\000'\000s\000\040\000R\000e\000m\000a\000i\000n\000d\000e\000r\000\040\000T\000h\000e\000o\000r\000e\000m}{chapter.9}% 59
\BOOKMARK [2][-]{subsection.9.2.1}{\376\377\000E\000u\000l\000e\000r\000'\000s\000\040\000T\000o\000t\000i\000e\000n\000t\000\040\000F\000u\000n\000c\000t\000i\000o\000n}{section.9.2}% 60
\BOOKMARK [1][-]{section.9.3}{\376\377\000W\000i\000l\000s\000o\000n\000\040\000T\000h\000e\000o\000r\000e\000m}{chapter.9}% 61
\BOOKMARK [-1][-]{part.2}{\376\377\000I\000I\000\040\000C\000o\000-\000O\000r\000d\000i\000n\000a\000t\000e\000\040\000G\000e\000o\000m\000e\000t\000r\000y}{}% 62
\BOOKMARK [0][-]{chapter.10}{\376\377\0002\000-\000D\000\040\000C\000o\000-\000o\000r\000d\000i\000n\000a\000t\000e\000\040\000G\000e\000o\000m\000e\000t\000r\000y}{part.2}% 63
\BOOKMARK [0][-]{chapter.11}{\376\377\000T\000r\000i\000a\000n\000g\000l\000e\000s}{part.2}% 64
\BOOKMARK [0][-]{chapter.12}{\376\377\000S\000t\000r\000a\000i\000g\000h\000t\000\040\000L\000i\000n\000e}{part.2}% 65
\BOOKMARK [0][-]{chapter.13}{\376\377\000G\000e\000n\000e\000r\000a\000l\000\040\000T\000h\000e\000o\000r\000y\000\040\000o\000f\000\040\000S\000e\000c\000o\000n\000d\000\040\000D\000e\000g\000r\000e\000e\000\040\000E\000q\000u\000a\000t\000i\000o\000n}{part.2}% 66
\BOOKMARK [0][-]{chapter.14}{\376\377\000C\000o\000n\000i\000c\000s}{part.2}% 67
\BOOKMARK [1][-]{section.14.1}{\376\377\000P\000a\000r\000a\000b\000o\000l\000a}{chapter.14}% 68
\BOOKMARK [1][-]{section.14.2}{\376\377\000E\000l\000l\000i\000p\000s\000e\000\040\000a\000n\000d\000\040\000H\000y\000p\000e\000r\000b\000o\000l\000a}{chapter.14}% 69
\BOOKMARK [1][-]{section.14.3}{\376\377\000P\000a\000r\000a\000m\000e\000t\000r\000i\000c\000\040\000F\000o\000r\000m\000\040\000o\000f\000\040\000C\000o\000n\000i\000c\000s}{chapter.14}% 70
\BOOKMARK [2][-]{subsection.14.3.1}{\376\377\000H\000y\000p\000e\000r\000b\000o\000l\000a}{section.14.3}% 71
\BOOKMARK [2][-]{subsection.14.3.2}{\376\377\000E\000l\000l\000i\000p\000s\000e}{section.14.3}% 72
\BOOKMARK [2][-]{subsection.14.3.3}{\376\377\000P\000a\000r\000a\000b\000o\000l\000a}{section.14.3}% 73
\BOOKMARK [0][-]{chapter.15}{\376\377\000C\000i\000r\000c\000l\000e\000s}{part.2}% 74
\BOOKMARK [1][-]{section.15.1}{\376\377\000L\000o\000c\000u\000s\000\040\000F\000o\000r\000m}{chapter.15}% 75
\BOOKMARK [1][-]{section.15.2}{\376\377\000D\000i\000a\000m\000e\000t\000e\000r\000\040\000F\000o\000r\000m}{chapter.15}% 76
\BOOKMARK [1][-]{section.15.3}{\376\377\000G\000e\000n\000e\000r\000a\000l\000\040\000F\000o\000r\000m}{chapter.15}% 77
\BOOKMARK [1][-]{section.15.4}{\376\377\000I\000m\000p\000o\000r\000t\000a\000n\000t\000\040\000R\000e\000l\000a\000t\000i\000o\000n\000s}{chapter.15}% 78
\BOOKMARK [0][-]{chapter.16}{\376\377\000V\000e\000c\000t\000o\000r\000s}{part.2}% 79
\BOOKMARK [1][-]{section.16.1}{\376\377\000M\000o\000d\000u\000l\000u\000s\000\040\000o\000f\000\040\000a\000\040\000V\000e\000c\000t\000o\000r}{chapter.16}% 80
\BOOKMARK [1][-]{section.16.2}{\376\377\000S\000u\000m\000\040\000o\000f\000\040\000V\000e\000c\000t\000o\000r\000s}{chapter.16}% 81
\BOOKMARK [1][-]{section.16.3}{\376\377\000P\000r\000o\000d\000u\000c\000t\000\040\000o\000f\000\040\000V\000e\000c\000t\000o\000r\000s}{chapter.16}% 82
\BOOKMARK [2][-]{subsection.16.3.1}{\376\377\000D\000o\000t\000\040\000P\000r\000o\000d\000u\000c\000t}{section.16.3}% 83
\BOOKMARK [2][-]{subsection.16.3.2}{\376\377\000C\000r\000o\000s\000s\000\040\000P\000r\000o\000d\000u\000c\000t}{section.16.3}% 84
\BOOKMARK [1][-]{section.16.4}{\376\377\000T\000e\000s\000t\000\040\000o\000f\000\040\000C\000o\000-\000p\000l\000a\000n\000a\000r\000i\000t\000y}{chapter.16}% 85
\BOOKMARK [0][-]{chapter.17}{\376\377\0003\000-\000D\000\040\000G\000e\000o\000m\000e\000t\000r\000y}{part.2}% 86
\BOOKMARK [1][-]{section.17.1}{\376\377\000D\000i\000s\000t\000a\000n\000c\000e\000\040\000b\000e\000t\000w\000e\000e\000n\000\040\000t\000w\000o\000\040\000p\000o\000i\000n\000t\000s\000\040\000A\000\050\000x\0001\000,\000y\0001\000,\000z\0001\000\051\000\040\000a\000n\000d\000\040\000B\000\050\000x\0002\000,\000y\0002\000,\000z\0002\000\051\000:}{chapter.17}% 87
\BOOKMARK [1][-]{section.17.2}{\376\377\000S\000e\000c\000t\000i\000o\000n\000\040\000F\000o\000r\000m\000u\000l\000a\000\040\000o\000f\000\040\000a\000\040\000L\000i\000n\000e\000\040\000S\000e\000g\000m\000e\000n\000t\000\040\000D\000i\000v\000i\000d\000e\000d\000\040\000i\000n\000\040\000t\000h\000e\000\040\000r\000a\000t\000i\000o\000\040\000m\000:\000n}{chapter.17}% 88
\BOOKMARK [1][-]{section.17.3}{\376\377\000C\000e\000n\000t\000r\000o\000i\000d\000\040\000o\000f\000\040\000a\000\040\000T\000r\000i\000a\000n\000g\000l\000e}{chapter.17}% 89
\BOOKMARK [0][-]{chapter.18}{\376\377\000L\000i\000n\000e\000\040\000i\000n\000\040\0003\000-\000D\000\040\000S\000p\000a\000c\000e}{part.2}% 90
\BOOKMARK [1][-]{section.18.1}{\376\377\000A\000n\000g\000l\000e\000\040\000b\000e\000t\000w\000e\000e\000n\000\040\000T\000w\000o\000\040\000L\000i\000n\000e\000s}{chapter.18}% 91
\BOOKMARK [1][-]{section.18.2}{\376\377\000S\000k\000e\000w\000\040\000a\000n\000d\000\040\000C\000o\000-\000p\000l\000a\000n\000a\000r\000\040\000L\000i\000n\000e\000s}{chapter.18}% 92
\BOOKMARK [1][-]{section.18.3}{\376\377\000D\000i\000s\000t\000a\000n\000c\000e\000s}{chapter.18}% 93
\BOOKMARK [2][-]{subsection.18.3.1}{\376\377\000T\000h\000e\000\040\000s\000h\000o\000r\000t\000e\000s\000t\000\040\000d\000i\000s\000t\000a\000n\000c\000e\000\040\000b\000e\000t\000w\000e\000e\000n\000\040\000r\0001\000\040\000a\000n\000d\000\040\000r\0002}{section.18.3}% 94
\BOOKMARK [2][-]{subsection.18.3.2}{\376\377\000C\000a\000r\000t\000e\000s\000i\000a\000n\000\040\000F\000o\000r\000m}{section.18.3}% 95
\BOOKMARK [2][-]{subsection.18.3.3}{\376\377\000D\000i\000s\000t\000a\000n\000c\000e\000\040\000B\000e\000t\000w\000e\000e\000n\000\040\000P\000a\000r\000a\000l\000l\000e\000l\000\040\000L\000i\000n\000e\000s}{section.18.3}% 96
\BOOKMARK [2][-]{subsection.18.3.4}{\376\377\000D\000i\000s\000t\000a\000n\000c\000e\000\040\000o\000f\000\040\000a\000\040\000P\000o\000i\000n\000t\000\040\000t\000o\000\040\000a\000\040\000L\000i\000n\000e}{section.18.3}% 97
\BOOKMARK [0][-]{chapter.19}{\376\377\0003\000-\000D\000\040\000P\000l\000a\000n\000e}{part.2}% 98
\BOOKMARK [1][-]{section.19.1}{\376\377\000A\000n\000g\000l\000e\000\040\000B\000e\000t\000w\000e\000e\000n\000\040\000T\000w\000o\000\040\000P\000l\000a\000n\000e\000s}{chapter.19}% 99
\BOOKMARK [1][-]{section.19.2}{\376\377\000D\000i\000s\000t\000a\000n\000c\000e\000\040\000o\000f\000\040\000a\000\040\000P\000o\000i\000n\000t\000\040\000f\000r\000o\000m\000\040\000a\000\040\000P\000l\000a\000n\000e}{chapter.19}% 100
\BOOKMARK [2][-]{subsection.19.2.1}{\376\377\000C\000a\000t\000e\000s\000i\000a\000n\000\040\000F\000o\000r\000m}{section.19.2}% 101
\BOOKMARK [2][-]{subsection.19.2.2}{\376\377\000V\000e\000c\000t\000o\000r\000\040\000F\000o\000r\000m}{section.19.2}% 102
\BOOKMARK [-1][-]{part.3}{\376\377\000I\000I\000I\000\040\000S\000t\000a\000t\000i\000s\000t\000i\000c\000s}{}% 103
\BOOKMARK [0][-]{chapter.20}{\376\377\000S\000t\000a\000t\000i\000s\000t\000i\000c\000s}{part.3}% 104
\BOOKMARK [0][-]{chapter.21}{\376\377\000L\000i\000n\000e\000s\000\040\000o\000f\000\040\000R\000e\000g\000r\000e\000s\000s\000i\000o\000n}{part.3}% 105
\BOOKMARK [1][-]{section.21.1}{\376\377\000K\000a\000r\000l\000\040\000P\000e\000a\000r\000s\000o\000n\000'\000s\000\040\000C\000o\000-\000e\000f\000f\000i\000c\000i\000e\000n\000t\000\040\000o\000f\000\040\000C\000o\000r\000r\000e\000l\000a\000t\000i\000o\000n\000\040\000\050\0002\0000\000.\0005\000\051}{chapter.21}% 106
\BOOKMARK [2][-]{subsection.21.1.1}{\376\377\000D\000e\000g\000r\000e\000e\000\040\000o\000f\000\040\000C\000o\000r\000r\000e\000l\000a\000t\000i\000o\000n}{section.21.1}% 107
\BOOKMARK [-1][-]{part.4}{\376\377\000I\000V\000\040\000T\000r\000i\000g\000o\000n\000o\000m\000e\000t\000r\000y}{}% 108
\BOOKMARK [0][-]{chapter.22}{\376\377\000C\000i\000r\000c\000u\000l\000a\000r\000\040\000T\000r\000i\000g\000o\000n\000o\000m\000e\000t\000r\000i\000c\000\040\000F\000u\000n\000c\000t\000i\000o\000n\000s}{part.4}% 109
\BOOKMARK [1][-]{section.22.1}{\376\377\000N\000e\000g\000a\000t\000i\000v\000e\000\040\000A\000n\000g\000l\000e\000\040\000F\000o\000r\000m\000u\000l\000a}{chapter.22}% 110
\BOOKMARK [1][-]{section.22.2}{\376\377\000S\000u\000m\000\040\000o\000f\000\040\000A\000n\000g\000l\000e\000s\000\040\000F\000o\000r\000m\000u\000l\000a}{chapter.22}% 111
\BOOKMARK [1][-]{section.22.3}{\376\377\000D\000i\000f\000f\000e\000r\000e\000n\000c\000e\000\040\000o\000f\000\040\000A\000n\000g\000l\000e\000s\000\040\000F\000o\000r\000m\000u\000l\000a}{chapter.22}% 112
\BOOKMARK [1][-]{section.22.4}{\376\377\000M\000u\000l\000t\000i\000p\000l\000e\000s\000\040\000a\000n\000d\000\040\000S\000u\000b\000-\000m\000u\000l\000t\000i\000p\000l\000e\000s\000\040\000o\000f\000\040\000\040\000a\000n\000d\000\040\0002}{chapter.22}% 113
\BOOKMARK [1][-]{section.22.5}{\376\377\000\050\0002\000\051\000\040\000F\000o\000r\000m\000u\000l\000a}{chapter.22}% 114
\BOOKMARK [1][-]{section.22.6}{\376\377\000\050\0004\000\051\000\040\000F\000o\000r\000m\000u\000l\000a}{chapter.22}% 115
\BOOKMARK [1][-]{section.22.7}{\376\377\000T\000r\000i\000g\000o\000n\000o\000m\000e\000t\000r\000i\000c\000\040\000I\000d\000e\000n\000t\000i\000t\000i\000e\000s}{chapter.22}% 116
\BOOKMARK [1][-]{section.22.8}{\376\377\000D\000o\000u\000b\000l\000e\000\040\000A\000n\000g\000l\000e\000\040\000F\000o\000r\000m\000u\000l\000a}{chapter.22}% 117
\BOOKMARK [1][-]{section.22.9}{\376\377\000T\000r\000i\000p\000l\000e\000\040\000A\000n\000g\000l\000e\000\040\000F\000o\000r\000m\000u\000l\000a}{chapter.22}% 118
\BOOKMARK [1][-]{section.22.10}{\376\377\000S\000u\000m\000\040\000a\000n\000d\000\040\000P\000r\000o\000d\000u\000c\000t\000\040\000o\000f\000\040\000T\000w\000o\000\040\000R\000a\000t\000i\000o\000s}{chapter.22}% 119
\BOOKMARK [1][-]{section.22.11}{\376\377\000G\000e\000n\000e\000r\000a\000l\000\040\000S\000o\000l\000u\000t\000i\000o\000n\000s}{chapter.22}% 120
\BOOKMARK [1][-]{section.22.12}{\376\377\000T\000a\000y\000l\000o\000r\000\040\000S\000e\000r\000i\000e\000s\000\040\000E\000x\000p\000a\000n\000s\000i\000o\000n\000\040\000o\000f\000\040\000T\000r\000i\000g\000o\000n\000o\000m\000e\000t\000r\000i\000c\000\040\000R\000a\000t\000i\000o\000s}{chapter.22}% 121
\BOOKMARK [0][-]{chapter.23}{\376\377\000I\000n\000v\000e\000r\000s\000e\000\040\000C\000i\000r\000c\000u\000l\000a\000r\000\040\000T\000r\000i\000g\000o\000n\000o\000m\000e\000t\000r\000i\000c\000\040\000F\000u\000n\000c\000t\000i\000o\000n}{part.4}% 122
\BOOKMARK [1][-]{section.23.1}{\376\377\000D\000e\000f\000i\000n\000i\000t\000i\000o\000n\000\040\000o\000f\000\040\000I\000n\000v\000e\000r\000s\000e\000\040\000C\000i\000r\000c\000u\000l\000a\000r\000\040\000T\000r\000i\000g\000o\000n\000o\000m\000e\000t\000r\000i\000c\000\040\000F\000u\000n\000c\000t\000i\000o\000n}{chapter.23}% 123
\BOOKMARK [2][-]{subsection.23.1.1}{\376\377\000F\000o\000r\000\040\000s\000i\000n\000x}{section.23.1}% 124
\BOOKMARK [2][-]{subsection.23.1.2}{\376\377\000F\000o\000r\000\040\000c\000o\000s\000x}{section.23.1}% 125
\BOOKMARK [2][-]{subsection.23.1.3}{\376\377\000F\000o\000r\000\040\000t\000a\000n\000x}{section.23.1}% 126
\BOOKMARK [2][-]{subsection.23.1.4}{\376\377\000F\000o\000r\000\040\000c\000o\000t\000x}{section.23.1}% 127
\BOOKMARK [2][-]{subsection.23.1.5}{\376\377\000F\000o\000r\000\040\000c\000s\000c\000x}{section.23.1}% 128
\BOOKMARK [1][-]{section.23.2}{\376\377\000N\000e\000g\000a\000t\000i\000v\000e\000\040\000A\000r\000g\000u\000m\000e\000n\000t\000s}{chapter.23}% 129
\BOOKMARK [1][-]{section.23.3}{\376\377\000R\000e\000c\000i\000p\000r\000o\000c\000a\000l\000\040\000R\000e\000l\000a\000t\000i\000o\000n\000s}{chapter.23}% 130
\BOOKMARK [1][-]{section.23.4}{\376\377\000I\000.\000T\000.\000F\000.\000\040\000I\000d\000e\000n\000t\000i\000t\000i\000e\000s}{chapter.23}% 131
\BOOKMARK [1][-]{section.23.5}{\376\377\000S\000u\000m\000\040\000o\000f\000\040\000T\000w\000o\000\040\000A\000n\000g\000l\000e\000s}{chapter.23}% 132
\BOOKMARK [1][-]{section.23.6}{\376\377\000D\000i\000f\000f\000e\000r\000e\000n\000c\000e\000\040\000o\000f\000\040\000T\000w\000o\000\040\000A\000n\000g\000l\000e\000s}{chapter.23}% 133
\BOOKMARK [1][-]{section.23.7}{\376\377\000I\000n\000t\000e\000r\000c\000o\000n\000v\000e\000r\000s\000i\000o\000n\000\040\000o\000f\000\040\000R\000a\000t\000i\000o\000s}{chapter.23}% 134
\BOOKMARK [1][-]{section.23.8}{\376\377\000M\000i\000s\000c\000e\000l\000l\000a\000n\000e\000o\000u\000s\000\040\000R\000e\000l\000a\000t\000i\000o\000n\000s}{chapter.23}% 135
\BOOKMARK [0][-]{chapter.24}{\376\377\000H\000y\000p\000e\000r\000b\000o\000l\000i\000c\000\040\000T\000r\000i\000g\000o\000n\000o\000m\000e\000t\000r\000i\000c\000\040\000F\000u\000n\000c\000t\000i\000o\000n}{part.4}% 136
\BOOKMARK [1][-]{section.24.1}{\376\377\000D\000e\000f\000i\000n\000i\000t\000i\000o\000n}{chapter.24}% 137
\BOOKMARK [1][-]{section.24.2}{\376\377\000I\000d\000e\000n\000t\000i\000t\000i\000e\000s}{chapter.24}% 138
\BOOKMARK [1][-]{section.24.3}{\376\377\000I\000n\000v\000e\000r\000s\000e\000\040\000H\000y\000p\000e\000r\000b\000o\000l\000i\000c\000\040\000F\000u\000n\000c\000t\000i\000o\000n}{chapter.24}% 139
\BOOKMARK [1][-]{section.24.4}{\376\377\000R\000e\000l\000a\000t\000i\000o\000n\000\040\000t\000o\000\040\000C\000i\000r\000c\000u\000l\000a\000r\000\040\000T\000r\000i\000g\000o\000n\000o\000m\000e\000t\000r\000i\000c\000\040\000F\000u\000n\000c\000t\000i\000o\000n\000s}{chapter.24}% 140
\BOOKMARK [-1][-]{part.5}{\376\377\000V\000\040\000C\000a\000l\000c\000u\000l\000u\000s}{}% 141
\BOOKMARK [0][-]{chapter.25}{\376\377\000L\000i\000m\000i\000t\000s}{part.5}% 142
\BOOKMARK [1][-]{section.25.1}{\376\377\000L\000'\000H\000o\000s\000p\000i\000t\000a\000l\000\040\000R\000u\000l\000e}{chapter.25}% 143
\BOOKMARK [0][-]{chapter.26}{\376\377\000D\000i\000f\000f\000e\000r\000e\000n\000t\000i\000a\000t\000i\000o\000n}{part.5}% 144
\BOOKMARK [1][-]{section.26.1}{\376\377\000D\000i\000f\000f\000e\000r\000e\000n\000t\000i\000a\000t\000i\000o\000n\000\040\000b\000y\000\040\000F\000i\000r\000s\000t\000\040\000P\000r\000i\000n\000c\000i\000p\000l\000e}{chapter.26}% 145
\BOOKMARK [1][-]{section.26.2}{\376\377\000S\000t\000a\000n\000d\000a\000r\000d\000\040\000D\000i\000f\000f\000e\000r\000e\000n\000t\000i\000a\000t\000i\000o\000n\000\040\000F\000o\000r\000m\000u\000l\000a\000e}{chapter.26}% 146
\BOOKMARK [2][-]{subsection.26.2.1}{\376\377\000C\000i\000r\000c\000u\000l\000a\000r\000\040\000T\000r\000i\000g\000o\000n\000o\000m\000e\000t\000r\000i\000c\000\040\000F\000u\000n\000c\000t\000i\000o\000n\000s}{section.26.2}% 147
\BOOKMARK [2][-]{subsection.26.2.2}{\376\377\000I\000n\000v\000e\000r\000s\000e\000\040\000C\000i\000r\000c\000u\000l\000a\000r\000\040\000T\000r\000i\000g\000o\000n\000o\000m\000e\000t\000r\000i\000c\000\040\000F\000u\000n\000c\000t\000i\000o\000n\000s}{section.26.2}% 148
\BOOKMARK [2][-]{subsection.26.2.3}{\376\377\000H\000y\000p\000e\000r\000b\000o\000l\000i\000c\000\040\000T\000r\000i\000g\000o\000n\000o\000m\000e\000t\000r\000i\000c\000\040\000F\000u\000n\000c\000t\000i\000o\000n}{section.26.2}% 149
\BOOKMARK [2][-]{subsection.26.2.4}{\376\377\000I\000n\000v\000e\000r\000s\000e\000\040\000H\000y\000p\000e\000r\000b\000o\000l\000i\000c\000\040\000T\000r\000i\000g\000o\000n\000o\000m\000e\000t\000r\000i\000c\000\040\000F\000u\000n\000c\000t\000i\000o\000n}{section.26.2}% 150
\BOOKMARK [1][-]{section.26.3}{\376\377\000R\000u\000l\000e\000s\000\040\000o\000f\000\040\000D\000i\000f\000f\000e\000r\000e\000n\000t\000i\000a\000t\000i\000o\000n}{chapter.26}% 151
\BOOKMARK [1][-]{section.26.4}{\376\377\000C\000h\000a\000i\000n\000\040\000R\000u\000l\000e}{chapter.26}% 152
\BOOKMARK [0][-]{chapter.27}{\376\377\000S\000u\000c\000c\000e\000s\000s\000i\000v\000e\000\040\000D\000i\000f\000f\000e\000r\000e\000n\000t\000i\000a\000t\000i\000o\000n}{part.5}% 153
\BOOKMARK [1][-]{section.27.1}{\376\377\000L\000e\000i\000b\000n\000i\000t\000z\000'\000s\000\040\000T\000h\000e\000o\000r\000e\000m}{chapter.27}% 154
\BOOKMARK [0][-]{chapter.28}{\376\377\000P\000a\000r\000t\000i\000a\000l\000\040\000D\000e\000r\000i\000v\000a\000t\000i\000v\000e}{part.5}% 155
\BOOKMARK [1][-]{section.28.1}{\376\377\000C\000h\000a\000i\000n\000\040\000R\000u\000l\000e}{chapter.28}% 156
\BOOKMARK [1][-]{section.28.2}{\376\377\000E\000u\000l\000e\000r\000'\000s\000\040\000T\000h\000e\000o\000r\000e\000m}{chapter.28}% 157
\BOOKMARK [0][-]{chapter.29}{\376\377\000A\000p\000p\000l\000i\000c\000a\000t\000i\000o\000n\000\040\000o\000f\000\040\000D\000i\000f\000f\000e\000r\000e\000n\000t\000i\000a\000t\000i\000o\000n}{part.5}% 158
\BOOKMARK [1][-]{section.29.1}{\376\377\000R\000o\000l\000l\000e\000'\000s\000\040\000T\000h\000e\000o\000r\000e\000m}{chapter.29}% 159
\BOOKMARK [1][-]{section.29.2}{\376\377\000M\000e\000a\000n\000\040\000V\000a\000l\000u\000e\000\040\000T\000h\000e\000o\000r\000e\000m\000\040\000o\000r\000\040\000L\000a\000G\000r\000a\000n\000g\000e\000'\000s\000\040\000T\000h\000e\000o\000r\000e\000m}{chapter.29}% 160
\BOOKMARK [1][-]{section.29.3}{\376\377\000C\000a\000u\000c\000h\000y\000'\000s\000\040\000M\000e\000a\000n\000\040\000V\000a\000l\000u\000e\000\040\000T\000h\000e\000o\000r\000e\000m}{chapter.29}% 161
\BOOKMARK [1][-]{section.29.4}{\376\377\000M\000a\000x\000i\000m\000a\000\040\000a\000n\000d\000\040\000M\000i\000n\000i\000m\000a}{chapter.29}% 162
\BOOKMARK [2][-]{subsection.29.4.1}{\376\377\000M\000a\000x\000i\000m\000a}{section.29.4}% 163
\BOOKMARK [2][-]{subsection.29.4.2}{\376\377\000M\000i\000n\000i\000m\000a}{section.29.4}% 164
\BOOKMARK [1][-]{section.29.5}{\376\377\000T\000a\000y\000l\000o\000r\000'\000s\000\040\000T\000h\000e\000o\000r\000e\000m}{chapter.29}% 165
\BOOKMARK [2][-]{subsection.29.5.1}{\376\377\000R\000e\000m\000a\000i\000n\000d\000e\000r\000\040\000T\000e\000r\000m}{section.29.5}% 166
\BOOKMARK [2][-]{subsection.29.5.2}{\376\377\000C\000o\000n\000d\000i\000t\000i\000o\000n\000s\000\040\000f\000o\000r\000\040\000V\000a\000l\000i\000d\000i\000t\000y\000\040\000o\000f\000\040\000E\000x\000p\000a\000n\000s\000i\000o\000n}{section.29.5}% 167
\BOOKMARK [2][-]{subsection.29.5.3}{\376\377\000T\000a\000y\000l\000o\000r\000'\000s\000\040\000T\000h\000e\000o\000r\000e\000m\000\040\000f\000o\000r\000\040\000T\000w\000o\000\040\000V\000a\000r\000i\000a\000b\000l\000e\000s}{section.29.5}% 168
\BOOKMARK [1][-]{section.29.6}{\376\377\000M\000a\000c\000l\000a\000u\000r\000i\000n\000'\000s\000\040\000S\000e\000r\000i\000e\000s}{chapter.29}% 169
\BOOKMARK [2][-]{subsection.29.6.1}{\376\377\000M\000a\000c\000l\000a\000u\000r\000i\000n\000'\000s\000\040\000S\000e\000r\000i\000e\000s\000\040\000w\000i\000t\000h\000\040\000T\000w\000o\000\040\000V\000a\000r\000i\000a\000b\000l\000e\000s}{section.29.6}% 170
\BOOKMARK [1][-]{section.29.7}{\376\377\000C\000u\000r\000v\000a\000t\000u\000r\000e}{chapter.29}% 171
\BOOKMARK [2][-]{subsection.29.7.1}{\376\377\000R\000a\000d\000i\000u\000s\000\040\000o\000f\000\040\000C\000u\000r\000v\000a\000t\000u\000r\000e}{section.29.7}% 172
\BOOKMARK [2][-]{subsection.29.7.2}{\376\377\000N\000e\000w\000t\000o\000n\000'\000s\000\040\000F\000o\000r\000m\000u\000l\000a}{section.29.7}% 173
\BOOKMARK [2][-]{subsection.29.7.3}{\376\377\000T\000a\000n\000g\000e\000n\000t\000\040\000a\000t\000\040\000O\000r\000i\000g\000i\000n}{section.29.7}% 174
\BOOKMARK [1][-]{section.29.8}{\376\377\000A\000s\000y\000m\000p\000t\000o\000t\000e\000s}{chapter.29}% 175
\BOOKMARK [2][-]{subsection.29.8.1}{\376\377\000A\000s\000y\000m\000p\000t\000o\000t\000e\000\040\000o\000f\000\040\000A\000l\000g\000e\000b\000r\000a\000i\000c\000\040\000C\000u\000r\000v\000e\000s}{section.29.8}% 176
\BOOKMARK [0][-]{chapter.30}{\376\377\000I\000n\000t\000e\000g\000r\000a\000t\000i\000o\000n}{part.5}% 177
\BOOKMARK [1][-]{section.30.1}{\376\377\000G\000e\000n\000e\000r\000a\000l\000\040\000F\000o\000r\000m\000u\000l\000a\000e}{chapter.30}% 178
\BOOKMARK [1][-]{section.30.2}{\376\377\000C\000i\000r\000c\000u\000l\000a\000r\000\040\000T\000r\000i\000g\000o\000n\000o\000m\000e\000t\000r\000i\000c\000\040\000F\000u\000n\000c\000t\000i\000o\000n\000s}{chapter.30}% 179
\BOOKMARK [1][-]{section.30.3}{\376\377\000I\000n\000v\000e\000r\000s\000e\000\040\000C\000i\000r\000c\000u\000l\000a\000r\000\040\000T\000r\000i\000g\000o\000n\000o\000m\000e\000t\000r\000i\000c\000\040\000F\000u\000n\000c\000t\000i\000o\000n}{chapter.30}% 180
\BOOKMARK [1][-]{section.30.4}{\376\377\000S\000t\000a\000n\000d\000a\000r\000d\000\040\000I\000n\000t\000e\000g\000r\000a\000l\000s}{chapter.30}% 181
\BOOKMARK [1][-]{section.30.5}{\376\377\000S\000p\000e\000c\000i\000a\000l\000\040\000F\000o\000r\000m\000s}{chapter.30}% 182
\BOOKMARK [2][-]{subsection.30.5.1}{\376\377\000I\000n\000t\000e\000g\000r\000a\000t\000i\000o\000n\000\040\000b\000y\000\040\000P\000a\000r\000t}{section.30.5}% 183
\BOOKMARK [0][-]{chapter.31}{\376\377\000D\000e\000f\000i\000n\000i\000t\000e\000\040\000I\000n\000t\000e\000g\000r\000a\000l}{part.5}% 184
\BOOKMARK [1][-]{section.31.1}{\376\377\000D\000e\000f\000i\000n\000i\000t\000i\000o\000n}{chapter.31}% 185
\BOOKMARK [1][-]{section.31.2}{\376\377\000P\000r\000o\000p\000e\000r\000t\000i\000e\000s\000\040\000o\000f\000\040\000D\000e\000f\000i\000n\000i\000t\000e\000\040\000I\000n\000t\000e\000g\000r\000a\000t\000i\000o\000n}{chapter.31}% 186
\BOOKMARK [1][-]{section.31.3}{\376\377\000A\000p\000p\000r\000o\000x\000i\000m\000a\000t\000i\000o\000n}{chapter.31}% 187
\BOOKMARK [1][-]{section.31.4}{\376\377\000S\000u\000m\000\040\000o\000f\000\040\000I\000n\000f\000i\000n\000i\000t\000e\000\040\000S\000e\000r\000i\000e\000s\000\040\000a\000s\000\040\000a\000\040\000D\000e\000f\000i\000n\000i\000t\000e\000\040\000I\000n\000t\000e\000g\000r\000a\000l}{chapter.31}% 188
\BOOKMARK [0][-]{chapter.32}{\376\377\000R\000e\000d\000u\000c\000t\000i\000o\000n\000\040\000F\000o\000r\000m\000u\000l\000a\000e}{part.5}% 189
\BOOKMARK [0][-]{chapter.33}{\376\377\000M\000u\000l\000t\000i\000p\000l\000e\000\040\000I\000n\000t\000e\000g\000r\000a\000l\000s}{part.5}% 190
\BOOKMARK [1][-]{section.33.1}{\376\377\000T\000w\000o\000\040\000V\000a\000r\000i\000a\000b\000l\000e\000s}{chapter.33}% 191
\BOOKMARK [1][-]{section.33.2}{\376\377\000T\000h\000r\000e\000e\000\040\000V\000a\000r\000i\000a\000b\000l\000e\000s}{chapter.33}% 192
\BOOKMARK [0][-]{chapter.34}{\376\377\000D\000i\000f\000f\000e\000r\000e\000n\000t\000i\000a\000l\000\040\000E\000q\000u\000a\000t\000i\000o\000n}{part.5}% 193
\BOOKMARK [1][-]{section.34.1}{\376\377\0001\000s\000t\000\040\000O\000r\000d\000e\000r\000,\000\040\0001\000s\000t\000\040\000D\000e\000g\000r\000e\000e\000\040\000D\000i\000f\000f\000e\000r\000e\000n\000t\000i\000a\000l\000\040\000E\000q\000u\000a\000t\000i\000o\000n}{chapter.34}% 194
\BOOKMARK [1][-]{section.34.2}{\376\377\0002\000n\000d\000\040\000O\000r\000d\000e\000r\000,\000\040\0001\000s\000t\000\040\000D\000e\000g\000r\000e\000e\000\040\000D\000i\000f\000f\000e\000r\000e\000n\000t\000i\000a\000l\000\040\000E\000q\000u\000a\000t\000i\000o\000n}{chapter.34}% 195
\BOOKMARK [1][-]{section.34.3}{\376\377\000S\000p\000e\000c\000i\000a\000l\000\040\000C\000a\000s\000e\000s\000\040\000o\000f\000\040\000D\000i\000f\000f\000e\000r\000e\000n\000t\000i\000a\000l\000\040\000E\000q\000u\000a\000t\000i\000o\000n}{chapter.34}% 196
\BOOKMARK [2][-]{subsection.34.3.1}{\376\377\000D\000e\000f\000i\000n\000i\000t\000i\000o\000n\000\040\000o\000f\000\040\000I\000n\000v\000e\000r\000s\000e\000\040\000O\000p\000e\000r\000a\000t\000o\000r}{section.34.3}% 197
\BOOKMARK [2][-]{subsection.34.3.2}{\376\377\000S\000p\000e\000c\000i\000a\000l\000\040\000C\000a\000s\000e\000s}{section.34.3}% 198
\BOOKMARK [1][-]{section.34.4}{\376\377\000M\000e\000t\000h\000o\000d\000\040\000o\000f\000\040\000V\000a\000r\000i\000a\000t\000i\000o\000n\000\040\000o\000f\000\040\000P\000a\000r\000a\000m\000e\000t\000e\000r\000s}{chapter.34}% 199
\BOOKMARK [1][-]{section.34.5}{\376\377\000S\000i\000n\000g\000u\000l\000a\000r\000\040\000a\000n\000d\000\040\000O\000r\000d\000i\000n\000a\000r\000y\000\040\000P\000o\000i\000n\000t}{chapter.34}% 200
\BOOKMARK [0][-]{chapter.35}{\376\377\000B\000e\000t\000a\000\040\000a\000n\000d\000\040\000G\000a\000m\000m\000a\000\040\000F\000u\000n\000c\000t\000i\000o\000n\000s}{part.5}% 201
\BOOKMARK [1][-]{section.35.1}{\376\377\000I\000m\000p\000o\000r\000t\000a\000n\000t\000\040\000R\000e\000l\000a\000t\000i\000o\000n\000s\000\040\000b\000e\000t\000w\000e\000e\000n\000\040\000\050\000m\000,\000n\000\051\000\040\000a\000n\000d\000\040\000\050\000n\000\051\000\040\000F\000u\000n\000c\000t\000i\000o\000n\000s}{chapter.35}% 202
\BOOKMARK [0][-]{chapter.36}{\376\377\000L\000a\000p\000l\000a\000c\000e\000\040\000T\000r\000a\000n\000s\000f\000o\000r\000m\000a\000t\000i\000o\000n\000s}{part.5}% 203
\BOOKMARK [1][-]{section.36.1}{\376\377\000B\000a\000s\000i\000c\000\040\000T\000r\000a\000n\000s\000f\000o\000r\000m\000a\000t\000i\000o\000n\000s}{chapter.36}% 204
\BOOKMARK [1][-]{section.36.2}{\376\377\000I\000m\000p\000o\000r\000t\000a\000n\000t\000\040\000R\000e\000l\000a\000t\000i\000o\000n\000s}{chapter.36}% 205
\BOOKMARK [1][-]{section.36.3}{\376\377\000C\000o\000n\000v\000o\000l\000u\000t\000i\000o\000n}{chapter.36}% 206
\BOOKMARK [1][-]{section.36.4}{\376\377\000L\000a\000p\000l\000a\000c\000e\000\040\000T\000r\000a\000n\000s\000f\000o\000r\000m\000s\000\040\000o\000f\000\040\000D\000i\000f\000f\000e\000r\000e\000n\000t\000i\000a\000l\000s}{chapter.36}% 207
